19:05:40.664 [main] INFO  o.a.s.comm.topology.AssignmentFromZK - New session:91706565261262850; state is : SyncConnected
19:05:41.063 [main] INFO  o.a.s.comm.topology.AssignmentFromZK - Successfully acquired task:Task-0 by hlnode3
19:05:45.995 [S4 platform loader] INFO  org.apache.s4.core.S4Bootstrap - Initializing S4 app with : []]
19:05:47.073 [S4 platform loader] INFO  org.apache.s4.core.S4Bootstrap - Loading application [SamoaS4App] from file [/tmp/tmp7984980965098899795s4r]
19:05:47.074 [S4 platform loader] WARN  org.apache.s4.core.DefaultCoreModule - s4.tmp.dir not specified, using temporary directory [/tmp/1399331147074-0] for unpacking S4R. You may want to specify a parent non-temporary directory.
19:05:47.075 [S4 platform loader] INFO  o.a.s4.base.util.S4RLoaderFactory - Unzipping S4R archive in [/tmp/1399331147074-0/tmp7984980965098899795s4r-1399331147075]
19:05:47.176 [S4 platform loader] INFO  org.apache.s4.core.S4Bootstrap - App class name is: com.yahoo.labs.samoa.topology.impl.S4DoTask
19:05:47.470 [S4 platform loader] INFO  o.a.s4.comm.topology.ClusterFromZK - Changing cluster topology to { nbNodes=1,name=cluster,mode=unicast,type=,nodes=[{partition=0,port=12000,machineName=hlnode3,taskId=Task-0}]} from null
19:05:47.522 [S4 platform loader] INFO  o.a.s4.comm.topology.ClusterFromZK - Adding topology change listener:org.apache.s4.comm.tcp.TCPEmitter@1271f41
19:05:47.900 [S4 platform loader] INFO  o.a.s.c.s.ThrottlingSenderExecutorServiceFactory - Creating a throttling executor with a pool size of 1 and max rate of 200000 events / s
19:05:47.966 [S4 platform loader] INFO  org.apache.s4.core.util.S4Metrics - Metrics reporting not configured
19:05:47.975 [S4 platform loader] INFO  o.a.s4.comm.topology.ClusterFromZK - Adding topology change listener:org.apache.s4.core.SenderImpl@147a87e
19:05:48.261 [S4 platform loader] INFO  o.a.s4.comm.topology.ClustersFromZK - New session:91706565261262850
19:05:48.275 [S4 platform loader] INFO  o.a.s4.comm.topology.ClustersFromZK - New session:91706565261262850
19:05:48.308 [S4 platform loader] INFO  o.a.s4.comm.topology.ClusterFromZK - Changing cluster topology to { nbNodes=1,name=cluster,mode=unicast,type=,nodes=[{partition=0,port=12000,machineName=hlnode3,taskId=Task-0}]} from null
19:05:48.326 [S4 platform loader] INFO  org.apache.s4.core.S4Bootstrap - Loaded application from file /tmp/tmp7984980965098899795s4r
19:05:48.326 [S4 platform loader] INFO  c.y.l.samoa.topology.impl.S4DoTask - DoTaskApp onInit

SAMOA: Scalable Advanced Massive Online Analysis Platform 
Version: 0.0.1
Copyright: Copyright Yahoo! Inc 2013
Web: http://github.com/yahoo/samoa

19:05:48.944 [S4 platform loader] INFO  c.y.l.s.s.hl.HLSplitDataPreProcessor - init(): trainRatio=0.2,testRatio=0.8
ARFF file URL=http://hlnode3/lab3/data/n.arff
19:05:49.233 [S4 platform loader] INFO  org.apache.s4.core.App - Init prototype [com.yahoo.labs.samoa.topology.impl.S4EntranceProcessingItem].
19:05:49.235 [S4 platform loader] INFO  org.apache.s4.core.App - Init prototype [com.yahoo.labs.samoa.topology.impl.S4ProcessingItem].
19:05:49.236 [S4 platform loader] INFO  org.apache.s4.core.App - Init prototype [com.yahoo.labs.samoa.topology.impl.S4ProcessingItem].
19:05:49.240 [S4 platform loader] INFO  org.apache.s4.core.App - Init prototype [com.yahoo.labs.samoa.topology.impl.S4ProcessingItem].
19:05:49.244 [S4 platform loader] INFO  org.apache.s4.core.App - Init prototype [com.yahoo.labs.samoa.topology.impl.S4ProcessingItem].
19:05:49.245 [S4 platform loader] INFO  org.apache.s4.core.App - Init prototype [com.yahoo.labs.samoa.topology.impl.S4ProcessingItem].
19:05:49.245 [S4 platform loader] INFO  c.y.l.samoa.topology.impl.S4DoTask - Starting DoTaskApp... App Partition [0]
19:05:49.374 [STREAM-0_PROCESSING-ITEM-0] INFO  c.y.l.s.s.hl.HLSplitDataPreProcessor - newProcessor(), id=0,trainRatio=0.2,testRatio=0.8
19:05:49.393 [STREAM-0_PROCESSING-ITEM-0] INFO  c.y.l.s.s.hl.HLSplitDataPreProcessor - onCreate:id=0,trainRatio=0.2,testRatio=0.8
19:05:59.994 [STREAM-3_PROCESSING-ITEM-4] INFO  c.y.l.s.e.EvaluatorProcessor - 0 seconds for 10000 instances
19:06:00.057 [STREAM-3_PROCESSING-ITEM-4] INFO  c.y.l.s.e.EvaluatorProcessor - evaluation instances = 10,000
classified instances = 10,000
classifications correct (percent) = 92.26
Kappa Statistic (percent) = 84.367
Kappa Temporal Statistic (percent) = 84.433
19:06:01.031 [STREAM-3_PROCESSING-ITEM-4] INFO  c.y.l.s.e.EvaluatorProcessor - 1 seconds for 10000 instances
19:06:01.036 [STREAM-3_PROCESSING-ITEM-4] INFO  c.y.l.s.e.EvaluatorProcessor - evaluation instances = 20,000
classified instances = 20,000
classifications correct (percent) = 92.275
Kappa Statistic (percent) = 84.428
Kappa Temporal Statistic (percent) = 84.48
19:06:01.729 [STREAM-3_PROCESSING-ITEM-4] INFO  c.y.l.s.e.EvaluatorProcessor - 0 seconds for 10000 instances
19:06:01.733 [STREAM-3_PROCESSING-ITEM-4] INFO  c.y.l.s.e.EvaluatorProcessor - evaluation instances = 30,000
classified instances = 30,000
classifications correct (percent) = 92.277
Kappa Statistic (percent) = 84.451
Kappa Temporal Statistic (percent) = 84.494
19:06:02.421 [STREAM-0_PROCESSING-ITEM-0] INFO  c.y.l.s.s.hl.HLSplitDataPreProcessor - send last event
