hl@hlnode3:/opt/s4/apache-s4-0.6.0-incubating-src$ . ~/scripts/startNode.sh
20:39:58.760 [main] INFO  o.a.s.comm.topology.AssignmentFromZK - New session:91706935955488770; state is : SyncConnected
20:39:59.036 [main] INFO  o.a.s.comm.topology.AssignmentFromZK - Successfully acquired task:Task-0 by hlnode3
20:40:04.915 [S4 platform loader] INFO  org.apache.s4.core.S4Bootstrap - Initializing S4 app with : []]
20:40:05.900 [S4 platform loader] INFO  org.apache.s4.core.S4Bootstrap - Loading application [SamoaS4App] from file [/tmp/tmp6731661286836914748s4r]
20:40:05.901 [S4 platform loader] WARN  org.apache.s4.core.DefaultCoreModule - s4.tmp.dir not specified, using temporary directory [/tmp/1399336805901-0] for unpacking S4R. You may want to specify a parent non-temporary directory.
20:40:05.902 [S4 platform loader] INFO  o.a.s4.base.util.S4RLoaderFactory - Unzipping S4R archive in [/tmp/1399336805901-0/tmp6731661286836914748s4r-1399336805902]
20:40:06.002 [S4 platform loader] INFO  org.apache.s4.core.S4Bootstrap - App class name is: com.yahoo.labs.samoa.topology.impl.S4DoTask
20:40:06.167 [S4 platform loader] INFO  o.a.s4.comm.topology.ClusterFromZK - Changing cluster topology to { nbNodes=1,name=cluster,mode=unicast,type=,nodes=[{partition=0,port=12000,machineName=hlnode3,taskId=Task-0}]} from null
20:40:06.191 [S4 platform loader] INFO  o.a.s4.comm.topology.ClusterFromZK - Adding topology change listener:org.apache.s4.comm.tcp.TCPEmitter@1271f41
20:40:06.485 [S4 platform loader] INFO  o.a.s.c.s.ThrottlingSenderExecutorServiceFactory - Creating a throttling executor with a pool size of 1 and max rate of 200000 events / s
20:40:06.530 [S4 platform loader] INFO  org.apache.s4.core.util.S4Metrics - Metrics reporting not configured
20:40:06.541 [S4 platform loader] INFO  o.a.s4.comm.topology.ClusterFromZK - Adding topology change listener:org.apache.s4.core.SenderImpl@147a87e
20:40:06.820 [S4 platform loader] INFO  o.a.s4.comm.topology.ClustersFromZK - New session:91706935955488770
20:40:06.842 [S4 platform loader] INFO  o.a.s4.comm.topology.ClustersFromZK - New session:91706935955488770
20:40:06.871 [S4 platform loader] INFO  o.a.s4.comm.topology.ClusterFromZK - Changing cluster topology to { nbNodes=1,name=cluster,mode=unicast,type=,nodes=[{partition=0,port=12000,machineName=hlnode3,taskId=Task-0}]} from null
20:40:06.880 [S4 platform loader] INFO  org.apache.s4.core.S4Bootstrap - Loaded application from file /tmp/tmp6731661286836914748s4r
20:40:06.885 [S4 platform loader] INFO  c.y.l.samoa.topology.impl.S4DoTask - DoTaskApp onInit

SAMOA: Scalable Advanced Massive Online Analysis Platform 
Version: 0.0.1
Copyright: Copyright Yahoo! Inc 2013
Web: http://github.com/yahoo/samoa

20:40:07.498 [S4 platform loader] INFO  c.y.l.s.s.hl.HLSplitDataPreProcessor - init(): trainRatio=0.2,testRatio=0.8
ARFF file URL=http://hlnode3/lab3/data/n.arff
20:40:07.669 [S4 platform loader] INFO  c.y.l.s.l.classifiers.hl.NaiveBayes - ================================================
20:40:07.676 [S4 platform loader] INFO  c.y.l.s.l.classifiers.hl.NaiveBayes - Begin init NaiveBayes Classifier topology.
20:40:07.686 [S4 platform loader] INFO  c.y.l.s.l.classifiers.hl.NaiveBayes - Sucessfully initializing NaiveBayes classifier topology.
20:40:07.721 [S4 platform loader] INFO  org.apache.s4.core.App - Init prototype [com.yahoo.labs.samoa.topology.impl.S4EntranceProcessingItem].
20:40:07.733 [S4 platform loader] INFO  org.apache.s4.core.App - Init prototype [com.yahoo.labs.samoa.topology.impl.S4ProcessingItem].
20:40:07.734 [S4 platform loader] INFO  org.apache.s4.core.App - Init prototype [com.yahoo.labs.samoa.topology.impl.S4ProcessingItem].
20:40:07.734 [S4 platform loader] INFO  org.apache.s4.core.App - Init prototype [com.yahoo.labs.samoa.topology.impl.S4ProcessingItem].
20:40:07.735 [S4 platform loader] INFO  c.y.l.samoa.topology.impl.S4DoTask - Starting DoTaskApp... App Partition [0]
20:40:07.856 [STREAM-0_PROCESSING-ITEM-0] INFO  c.y.l.s.s.hl.HLSplitDataPreProcessor - newProcessor(), id=0,trainRatio=0.2,testRatio=0.8
20:40:07.875 [STREAM-0_PROCESSING-ITEM-0] INFO  c.y.l.s.s.hl.HLSplitDataPreProcessor - onCreate:id=0,trainRatio=0.2,testRatio=0.8
20:40:07.917 [STREAM-1_PROCESSING-ITEM-1] INFO  c.y.l.s.l.c.hl.NBModelProcessor - NBModelProcessor created, id = 0
20:40:07.949 [STREAM-1_PROCESSING-ITEM-1] INFO  c.y.l.s.l.c.hl.NBModelProcessor - K=2,A=42
20:40:11.977 [STREAM-2_PROCESSING-ITEM-2] INFO  c.y.l.s.e.EvaluatorProcessor - 1 seconds for 10000 instances
20:40:12.003 [STREAM-2_PROCESSING-ITEM-2] INFO  c.y.l.s.e.EvaluatorProcessor - evaluation instances = 10,000
classified instances = 10,000
classifications correct (percent) = 89.87
Kappa Statistic (percent) = 79.685
Kappa Temporal Statistic (percent) = 79.626
20:40:14.115 [STREAM-2_PROCESSING-ITEM-2] INFO  c.y.l.s.e.EvaluatorProcessor - 2 seconds for 10000 instances
20:40:14.116 [STREAM-2_PROCESSING-ITEM-2] INFO  c.y.l.s.e.EvaluatorProcessor - evaluation instances = 20,000
classified instances = 20,000
classifications correct (percent) = 89.9
Kappa Statistic (percent) = 79.763
Kappa Temporal Statistic (percent) = 79.709
20:40:16.056 [STREAM-2_PROCESSING-ITEM-2] INFO  c.y.l.s.e.EvaluatorProcessor - 1 seconds for 10000 instances
20:40:16.057 [STREAM-2_PROCESSING-ITEM-2] INFO  c.y.l.s.e.EvaluatorProcessor - evaluation instances = 30,000
classified instances = 30,000
classifications correct (percent) = 89.923
Kappa Statistic (percent) = 79.821
Kappa Temporal Statistic (percent) = 79.77
20:40:17.720 [STREAM-0_PROCESSING-ITEM-0] INFO  c.y.l.s.s.hl.HLSplitDataPreProcessor - send last event
20:40:17.931 [STREAM-1_PROCESSING-ITEM-1] INFO  c.y.l.s.l.c.hl.NBModelProcessor - Processing last event.
20:40:17.931 [STREAM-1_PROCESSING-ITEM-1] INFO  c.y.l.s.l.c.hl.NBModelProcessor - === output Final Matrix====
20:40:17.932 [STREAM-1_PROCESSING-ITEM-1] INFO  c.y.l.s.l.c.hl.NBModelProcessor - K=2,A=42
20:40:17.933 [STREAM-1_PROCESSING-ITEM-1] INFO  c.y.l.s.l.c.hl.NBModelProcessor - nClass={5,292|4,708}
20:40:17.933 [STREAM-2_PROCESSING-ITEM-2] INFO  c.y.l.s.e.EvaluatorProcessor - last event is received!
20:40:17.934 [STREAM-2_PROCESSING-ITEM-2] INFO  c.y.l.s.e.EvaluatorProcessor - total count: 39999
20:40:17.935 [STREAM-2_PROCESSING-ITEM-2] INFO  c.y.l.s.e.EvaluatorProcessor - com.yahoo.labs.samoa.evaluation.EvaluatorProcessorid = 0
evaluation instances,classified instances,classifications correct (percent),Kappa Statistic (percent),Kappa Temporal Statistic (percent)
10000.0,10000.0,89.87,79.68460397812757,79.62590506838295
20000.0,20000.0,89.9,79.76345279574912,79.7086891009543
30000.0,30000.0,89.92333333333333,79.8206013410068,79.76979187579468

20:40:17.936 [STREAM-2_PROCESSING-ITEM-2] INFO  c.y.l.s.e.EvaluatorProcessor - total evaluation time: 7 seconds for 39999 instances
