--------- node 3 -----------

. ~/scripts/startNode.sh
20:58:03.463 [main] INFO  o.a.s.comm.topology.AssignmentFromZK - New session:91707006999527427; state is : SyncConnected
20:58:03.856 [main] INFO  o.a.s.comm.topology.AssignmentFromZK - Successfully acquired task:Task-0 by hlnode3
20:58:12.291 [S4 platform loader] INFO  org.apache.s4.core.S4Bootstrap - Initializing S4 app with : []]
20:58:13.589 [S4 platform loader] INFO  org.apache.s4.core.S4Bootstrap - Loading application [SamoaS4App] from file [/tmp/tmp5514889260710811276s4r]
20:58:13.591 [S4 platform loader] WARN  org.apache.s4.core.DefaultCoreModule - s4.tmp.dir not specified, using temporary directory [/tmp/1399337893590-0] for unpacking S4R. You may want to specify a parent non-temporary directory.
20:58:13.592 [S4 platform loader] INFO  o.a.s4.base.util.S4RLoaderFactory - Unzipping S4R archive in [/tmp/1399337893590-0/tmp5514889260710811276s4r-1399337893592]
20:58:13.710 [S4 platform loader] INFO  org.apache.s4.core.S4Bootstrap - App class name is: com.yahoo.labs.samoa.topology.impl.S4DoTask
20:58:14.006 [S4 platform loader] INFO  o.a.s4.comm.topology.ClusterFromZK - Changing cluster topology to { nbNodes=3,name=cluster,mode=unicast,type=,nodes=[{partition=2,port=12002,machineName=hlnode1,taskId=Task-2}, {partition=0,port=12000,machineName=hlnode3,taskId=Task-0}, {partition=1,port=12001,machineName=hlnode2,taskId=Task-1}]} from null
20:58:14.067 [S4 platform loader] INFO  o.a.s4.comm.topology.ClusterFromZK - Adding topology change listener:org.apache.s4.comm.tcp.TCPEmitter@f5df5
20:58:14.450 [S4 platform loader] INFO  o.a.s.c.s.ThrottlingSenderExecutorServiceFactory - Creating a throttling executor with a pool size of 1 and max rate of 200000 events / s
20:58:14.535 [S4 platform loader] INFO  org.apache.s4.core.util.S4Metrics - Metrics reporting not configured
20:58:14.548 [S4 platform loader] INFO  o.a.s4.comm.topology.ClusterFromZK - Adding topology change listener:org.apache.s4.core.SenderImpl@19526d4
20:58:14.855 [S4 platform loader] INFO  o.a.s4.comm.topology.ClustersFromZK - New session:91707006999527427
20:58:14.876 [S4 platform loader] INFO  o.a.s4.comm.topology.ClustersFromZK - New session:91707006999527427
20:58:14.929 [S4 platform loader] INFO  o.a.s4.comm.topology.ClusterFromZK - Changing cluster topology to { nbNodes=3,name=cluster,mode=unicast,type=,nodes=[{partition=2,port=12002,machineName=hlnode1,taskId=Task-2}, {partition=0,port=12000,machineName=hlnode3,taskId=Task-0}, {partition=1,port=12001,machineName=hlnode2,taskId=Task-1}]} from null
20:58:14.945 [S4 platform loader] INFO  org.apache.s4.core.S4Bootstrap - Loaded application from file /tmp/tmp5514889260710811276s4r
20:58:14.945 [S4 platform loader] INFO  c.y.l.samoa.topology.impl.S4DoTask - DoTaskApp onInit

SAMOA: Scalable Advanced Massive Online Analysis Platform 
Version: 0.0.1
Copyright: Copyright Yahoo! Inc 2013
Web: http://github.com/yahoo/samoa

20:58:15.618 [S4 platform loader] INFO  c.y.l.s.s.hl.HLSplitDataPreProcessor - init(): trainRatio=0.2,testRatio=0.8
ARFF file URL=http://hlnode3/lab3/data/n.arff
20:58:15.818 [S4 platform loader] INFO  c.y.l.s.l.classifiers.hl.NaiveBayes - ================================================
20:58:15.829 [S4 platform loader] INFO  c.y.l.s.l.classifiers.hl.NaiveBayes - Begin init NaiveBayes Classifier topology.
20:58:15.836 [S4 platform loader] INFO  c.y.l.s.l.classifiers.hl.NaiveBayes - Sucessfully initializing NaiveBayes classifier topology.
20:58:15.874 [S4 platform loader] INFO  org.apache.s4.core.App - Init prototype [com.yahoo.labs.samoa.topology.impl.S4EntranceProcessingItem].
20:58:15.878 [S4 platform loader] INFO  org.apache.s4.core.App - Init prototype [com.yahoo.labs.samoa.topology.impl.S4ProcessingItem].
20:58:15.881 [S4 platform loader] INFO  org.apache.s4.core.App - Init prototype [com.yahoo.labs.samoa.topology.impl.S4ProcessingItem].
20:58:15.882 [S4 platform loader] INFO  org.apache.s4.core.App - Init prototype [com.yahoo.labs.samoa.topology.impl.S4ProcessingItem].
20:58:15.888 [S4 platform loader] INFO  c.y.l.samoa.topology.impl.S4DoTask - Starting DoTaskApp... App Partition [0]
20:58:16.011 [STREAM-0_PROCESSING-ITEM-0] INFO  c.y.l.s.s.hl.HLSplitDataPreProcessor - newProcessor(), id=0,trainRatio=0.2,testRatio=0.8
20:58:16.026 [STREAM-0_PROCESSING-ITEM-0] INFO  c.y.l.s.s.hl.HLSplitDataPreProcessor - onCreate:id=0,trainRatio=0.2,testRatio=0.8
20:58:16.093 [STREAM-1_PROCESSING-ITEM-1] INFO  c.y.l.s.l.c.hl.NBModelProcessor - NBModelProcessor created, id = 0
20:58:16.123 [STREAM-1_PROCESSING-ITEM-1] INFO  c.y.l.s.l.c.hl.NBModelProcessor - K=2,A=42
20:58:25.387 [STREAM-2_PROCESSING-ITEM-2] INFO  c.y.l.s.e.EvaluatorProcessor - 5 seconds for 10000 instances
20:58:25.435 [STREAM-2_PROCESSING-ITEM-2] INFO  c.y.l.s.e.EvaluatorProcessor - evaluation instances = 10,000
classified instances = 10,000
classifications correct (percent) = 90.19
Kappa Statistic (percent) = 80.362
Kappa Temporal Statistic (percent) = 80.501
20:58:32.046 [STREAM-2_PROCESSING-ITEM-2] INFO  c.y.l.s.e.EvaluatorProcessor - 6 seconds for 10000 instances
20:58:32.048 [STREAM-2_PROCESSING-ITEM-2] INFO  c.y.l.s.e.EvaluatorProcessor - evaluation instances = 20,000
classified instances = 20,000
classifications correct (percent) = 89.87
Kappa Statistic (percent) = 79.71
Kappa Temporal Statistic (percent) = 79.732
20:58:39.811 [STREAM-2_PROCESSING-ITEM-2] INFO  c.y.l.s.e.EvaluatorProcessor - 7 seconds for 10000 instances
20:58:39.813 [STREAM-2_PROCESSING-ITEM-2] INFO  c.y.l.s.e.EvaluatorProcessor - evaluation instances = 30,000
classified instances = 30,000
classifications correct (percent) = 89.783
Kappa Statistic (percent) = 79.538
Kappa Temporal Statistic (percent) = 79.594


--------- node 2 ---------
. ~/scripts/startNode.sh
20:58:06.456 [main] INFO  o.a.s.comm.topology.AssignmentFromZK - New session:91707006999527428; state is : SyncConnected
20:58:06.890 [main] INFO  o.a.s.comm.topology.AssignmentFromZK - Successfully acquired task:Task-1 by hlnode2
20:58:11.976 [S4 platform loader] INFO  org.apache.s4.core.S4Bootstrap - Initializing S4 app with : []]
20:58:13.760 [S4 platform loader] INFO  org.apache.s4.core.S4Bootstrap - Loading application [SamoaS4App] from file [/tmp/tmp6763812258579986121s4r]
20:58:13.762 [S4 platform loader] WARN  org.apache.s4.core.DefaultCoreModule - s4.tmp.dir not specified, using temporary directory [/tmp/1399337893762-0] for unpacking S4R. You may want to specify a parent non-temporary directory.
20:58:13.764 [S4 platform loader] INFO  o.a.s4.base.util.S4RLoaderFactory - Unzipping S4R archive in [/tmp/1399337893762-0/tmp6763812258579986121s4r-1399337893764]
20:58:13.863 [S4 platform loader] INFO  org.apache.s4.core.S4Bootstrap - App class name is: com.yahoo.labs.samoa.topology.impl.S4DoTask
20:58:14.156 [S4 platform loader] INFO  o.a.s4.comm.topology.ClusterFromZK - Changing cluster topology to { nbNodes=3,name=cluster,mode=unicast,type=,nodes=[{partition=2,port=12002,machineName=hlnode1,taskId=Task-2}, {partition=0,port=12000,machineName=hlnode3,taskId=Task-0}, {partition=1,port=12001,machineName=hlnode2,taskId=Task-1}]} from null
20:58:14.195 [S4 platform loader] INFO  o.a.s4.comm.topology.ClusterFromZK - Adding topology change listener:org.apache.s4.comm.tcp.TCPEmitter@e3907d
20:58:14.547 [S4 platform loader] INFO  o.a.s.c.s.ThrottlingSenderExecutorServiceFactory - Creating a throttling executor with a pool size of 1 and max rate of 200000 events / s
20:58:14.600 [S4 platform loader] INFO  org.apache.s4.core.util.S4Metrics - Metrics reporting not configured
20:58:14.607 [S4 platform loader] INFO  o.a.s4.comm.topology.ClusterFromZK - Adding topology change listener:org.apache.s4.core.SenderImpl@a19277
20:58:14.702 [S4 platform loader] INFO  o.a.s4.comm.topology.ClustersFromZK - New session:91707006999527428
20:58:14.716 [S4 platform loader] INFO  o.a.s4.comm.topology.ClustersFromZK - New session:91707006999527428
20:58:14.753 [S4 platform loader] INFO  o.a.s4.comm.topology.ClusterFromZK - Changing cluster topology to { nbNodes=3,name=cluster,mode=unicast,type=,nodes=[{partition=2,port=12002,machineName=hlnode1,taskId=Task-2}, {partition=0,port=12000,machineName=hlnode3,taskId=Task-0}, {partition=1,port=12001,machineName=hlnode2,taskId=Task-1}]} from null
20:58:14.766 [S4 platform loader] INFO  org.apache.s4.core.S4Bootstrap - Loaded application from file /tmp/tmp6763812258579986121s4r
20:58:14.769 [S4 platform loader] INFO  c.y.l.samoa.topology.impl.S4DoTask - DoTaskApp onInit

SAMOA: Scalable Advanced Massive Online Analysis Platform 
Version: 0.0.1
Copyright: Copyright Yahoo! Inc 2013
Web: http://github.com/yahoo/samoa

20:58:15.306 [S4 platform loader] INFO  c.y.l.s.s.hl.HLSplitDataPreProcessor - init(): trainRatio=0.2,testRatio=0.8
ARFF file URL=http://hlnode3/lab3/data/n.arff
20:58:15.466 [S4 platform loader] INFO  c.y.l.s.l.classifiers.hl.NaiveBayes - ================================================
20:58:15.467 [S4 platform loader] INFO  c.y.l.s.l.classifiers.hl.NaiveBayes - Begin init NaiveBayes Classifier topology.
20:58:15.479 [S4 platform loader] INFO  c.y.l.s.l.classifiers.hl.NaiveBayes - Sucessfully initializing NaiveBayes classifier topology.
20:58:15.518 [S4 platform loader] INFO  org.apache.s4.core.App - Init prototype [com.yahoo.labs.samoa.topology.impl.S4EntranceProcessingItem].
20:58:15.525 [S4 platform loader] INFO  org.apache.s4.core.App - Init prototype [com.yahoo.labs.samoa.topology.impl.S4ProcessingItem].
20:58:15.528 [S4 platform loader] INFO  org.apache.s4.core.App - Init prototype [com.yahoo.labs.samoa.topology.impl.S4ProcessingItem].
20:58:15.529 [S4 platform loader] INFO  org.apache.s4.core.App - Init prototype [com.yahoo.labs.samoa.topology.impl.S4ProcessingItem].
20:58:15.531 [S4 platform loader] INFO  c.y.l.samoa.topology.impl.S4DoTask - Starting DoTaskApp... App Partition [1]


---------- node 1 --------
. ~/scripts/startNode.sh
20:58:02.350 [main] INFO  o.a.s.comm.topology.AssignmentFromZK - New session:91707006999527426; state is : SyncConnected
20:58:02.787 [main] INFO  o.a.s.comm.topology.AssignmentFromZK - Successfully acquired task:Task-2 by hlnode1
20:58:11.532 [S4 platform loader] INFO  org.apache.s4.core.S4Bootstrap - Initializing S4 app with : []]
20:58:13.718 [S4 platform loader] INFO  org.apache.s4.core.S4Bootstrap - Loading application [SamoaS4App] from file [/tmp/tmp1199984342125306264s4r]
20:58:13.720 [S4 platform loader] WARN  org.apache.s4.core.DefaultCoreModule - s4.tmp.dir not specified, using temporary directory [/tmp/1399337893720-0] for unpacking S4R. You may want to specify a parent non-temporary directory.
20:58:13.722 [S4 platform loader] INFO  o.a.s4.base.util.S4RLoaderFactory - Unzipping S4R archive in [/tmp/1399337893720-0/tmp1199984342125306264s4r-1399337893722]
20:58:13.838 [S4 platform loader] INFO  org.apache.s4.core.S4Bootstrap - App class name is: com.yahoo.labs.samoa.topology.impl.S4DoTask
20:58:14.168 [S4 platform loader] INFO  o.a.s4.comm.topology.ClusterFromZK - Changing cluster topology to { nbNodes=3,name=cluster,mode=unicast,type=,nodes=[{partition=2,port=12002,machineName=hlnode1,taskId=Task-2}, {partition=0,port=12000,machineName=hlnode3,taskId=Task-0}, {partition=1,port=12001,machineName=hlnode2,taskId=Task-1}]} from null
20:58:14.205 [S4 platform loader] INFO  o.a.s4.comm.topology.ClusterFromZK - Adding topology change listener:org.apache.s4.comm.tcp.TCPEmitter@17504cb
20:58:14.598 [S4 platform loader] INFO  o.a.s.c.s.ThrottlingSenderExecutorServiceFactory - Creating a throttling executor with a pool size of 1 and max rate of 200000 events / s
20:58:14.651 [S4 platform loader] INFO  org.apache.s4.core.util.S4Metrics - Metrics reporting not configured
20:58:14.658 [S4 platform loader] INFO  o.a.s4.comm.topology.ClusterFromZK - Adding topology change listener:org.apache.s4.core.SenderImpl@186edfb
20:58:14.734 [S4 platform loader] INFO  o.a.s4.comm.topology.ClustersFromZK - New session:91707006999527426
20:58:14.743 [S4 platform loader] INFO  o.a.s4.comm.topology.ClustersFromZK - New session:91707006999527426
20:58:14.786 [S4 platform loader] INFO  o.a.s4.comm.topology.ClusterFromZK - Changing cluster topology to { nbNodes=3,name=cluster,mode=unicast,type=,nodes=[{partition=2,port=12002,machineName=hlnode1,taskId=Task-2}, {partition=0,port=12000,machineName=hlnode3,taskId=Task-0}, {partition=1,port=12001,machineName=hlnode2,taskId=Task-1}]} from null
20:58:14.797 [S4 platform loader] INFO  org.apache.s4.core.S4Bootstrap - Loaded application from file /tmp/tmp1199984342125306264s4r
20:58:14.799 [S4 platform loader] INFO  c.y.l.samoa.topology.impl.S4DoTask - DoTaskApp onInit

SAMOA: Scalable Advanced Massive Online Analysis Platform 
Version: 0.0.1
Copyright: Copyright Yahoo! Inc 2013
Web: http://github.com/yahoo/samoa

20:58:15.511 [S4 platform loader] INFO  c.y.l.s.s.hl.HLSplitDataPreProcessor - init(): trainRatio=0.2,testRatio=0.8
ARFF file URL=http://hlnode3/lab3/data/n.arff
20:58:15.664 [S4 platform loader] INFO  c.y.l.s.l.classifiers.hl.NaiveBayes - ================================================
20:58:15.665 [S4 platform loader] INFO  c.y.l.s.l.classifiers.hl.NaiveBayes - Begin init NaiveBayes Classifier topology.
20:58:15.687 [S4 platform loader] INFO  c.y.l.s.l.classifiers.hl.NaiveBayes - Sucessfully initializing NaiveBayes classifier topology.
20:58:15.716 [S4 platform loader] INFO  org.apache.s4.core.App - Init prototype [com.yahoo.labs.samoa.topology.impl.S4EntranceProcessingItem].
20:58:15.720 [S4 platform loader] INFO  org.apache.s4.core.App - Init prototype [com.yahoo.labs.samoa.topology.impl.S4ProcessingItem].
20:58:15.721 [S4 platform loader] INFO  org.apache.s4.core.App - Init prototype [com.yahoo.labs.samoa.topology.impl.S4ProcessingItem].
20:58:15.722 [S4 platform loader] INFO  org.apache.s4.core.App - Init prototype [com.yahoo.labs.samoa.topology.impl.S4ProcessingItem].
20:58:15.724 [S4 platform loader] INFO  c.y.l.samoa.topology.impl.S4DoTask - Starting DoTaskApp... App Partition [2]
^Chl@hlnode1:/opt/s4/apache-s4-0.6.0-incubating-src$ 
