--------- node 3 ----------
. ~/scripts/startNode.sh
20:47:49.653 [main] INFO  o.a.s.comm.topology.AssignmentFromZK - New session:91706966695542787; state is : SyncConnected
20:47:49.919 [main] INFO  o.a.s.comm.topology.AssignmentFromZK - Successfully acquired task:Task-0 by hlnode3
^Chl@hlnode3:/opt/s4/apache-s4-0.6.0-incubating-src$ . ~/scripts/startNode.sh
20:48:03.184 [main] INFO  o.a.s.comm.topology.AssignmentFromZK - New session:91706967718821890; state is : SyncConnected
20:48:03.450 [main] INFO  o.a.s.comm.topology.AssignmentFromZK - Successfully acquired task:Task-0 by hlnode3
20:48:12.165 [S4 platform loader] INFO  org.apache.s4.core.S4Bootstrap - Initializing S4 app with : []]
20:48:13.225 [S4 platform loader] INFO  org.apache.s4.core.S4Bootstrap - Loading application [SamoaS4App] from file [/tmp/tmp8573267872292545327s4r]
20:48:13.226 [S4 platform loader] WARN  org.apache.s4.core.DefaultCoreModule - s4.tmp.dir not specified, using temporary directory [/tmp/1399337293226-0] for unpacking S4R. You may want to specify a parent non-temporary directory.
20:48:13.227 [S4 platform loader] INFO  o.a.s4.base.util.S4RLoaderFactory - Unzipping S4R archive in [/tmp/1399337293226-0/tmp8573267872292545327s4r-1399337293227]
20:48:13.334 [S4 platform loader] INFO  org.apache.s4.core.S4Bootstrap - App class name is: com.yahoo.labs.samoa.topology.impl.S4DoTask
20:48:13.607 [S4 platform loader] INFO  o.a.s4.comm.topology.ClusterFromZK - Changing cluster topology to { nbNodes=2,name=cluster,mode=unicast,type=,nodes=[{partition=0,port=12000,machineName=hlnode3,taskId=Task-0}, {partition=1,port=12001,machineName=hlnode2,taskId=Task-1}]} from null
20:48:13.631 [S4 platform loader] INFO  o.a.s4.comm.topology.ClusterFromZK - Adding topology change listener:org.apache.s4.comm.tcp.TCPEmitter@17504cb
20:48:13.904 [S4 platform loader] INFO  o.a.s.c.s.ThrottlingSenderExecutorServiceFactory - Creating a throttling executor with a pool size of 1 and max rate of 200000 events / s
20:48:13.949 [S4 platform loader] INFO  org.apache.s4.core.util.S4Metrics - Metrics reporting not configured
20:48:13.953 [S4 platform loader] INFO  o.a.s4.comm.topology.ClusterFromZK - Adding topology change listener:org.apache.s4.core.SenderImpl@186edfb
20:48:14.251 [S4 platform loader] INFO  o.a.s4.comm.topology.ClustersFromZK - New session:91706967718821890
20:48:14.264 [S4 platform loader] INFO  o.a.s4.comm.topology.ClustersFromZK - New session:91706967718821890
20:48:14.306 [S4 platform loader] INFO  o.a.s4.comm.topology.ClusterFromZK - Changing cluster topology to { nbNodes=2,name=cluster,mode=unicast,type=,nodes=[{partition=0,port=12000,machineName=hlnode3,taskId=Task-0}, {partition=1,port=12001,machineName=hlnode2,taskId=Task-1}]} from null
20:48:14.319 [S4 platform loader] INFO  org.apache.s4.core.S4Bootstrap - Loaded application from file /tmp/tmp8573267872292545327s4r
20:48:14.325 [S4 platform loader] INFO  c.y.l.samoa.topology.impl.S4DoTask - DoTaskApp onInit

SAMOA: Scalable Advanced Massive Online Analysis Platform 
Version: 0.0.1
Copyright: Copyright Yahoo! Inc 2013
Web: http://github.com/yahoo/samoa

20:48:14.981 [S4 platform loader] INFO  c.y.l.s.s.hl.HLSplitDataPreProcessor - init(): trainRatio=0.2,testRatio=0.8
ARFF file URL=http://hlnode3/lab3/data/n.arff
20:48:15.153 [S4 platform loader] INFO  c.y.l.s.l.classifiers.hl.NaiveBayes - ================================================
20:48:15.154 [S4 platform loader] INFO  c.y.l.s.l.classifiers.hl.NaiveBayes - Begin init NaiveBayes Classifier topology.
20:48:15.160 [S4 platform loader] INFO  c.y.l.s.l.classifiers.hl.NaiveBayes - Sucessfully initializing NaiveBayes classifier topology.
20:48:15.199 [S4 platform loader] INFO  org.apache.s4.core.App - Init prototype [com.yahoo.labs.samoa.topology.impl.S4EntranceProcessingItem].
20:48:15.213 [S4 platform loader] INFO  org.apache.s4.core.App - Init prototype [com.yahoo.labs.samoa.topology.impl.S4ProcessingItem].
20:48:15.221 [S4 platform loader] INFO  org.apache.s4.core.App - Init prototype [com.yahoo.labs.samoa.topology.impl.S4ProcessingItem].
20:48:15.221 [S4 platform loader] INFO  org.apache.s4.core.App - Init prototype [com.yahoo.labs.samoa.topology.impl.S4ProcessingItem].
20:48:15.221 [S4 platform loader] INFO  c.y.l.samoa.topology.impl.S4DoTask - Starting DoTaskApp... App Partition [0]
20:48:15.349 [STREAM-0_PROCESSING-ITEM-0] INFO  c.y.l.s.s.hl.HLSplitDataPreProcessor - newProcessor(), id=0,trainRatio=0.2,testRatio=0.8
20:48:15.357 [STREAM-0_PROCESSING-ITEM-0] INFO  c.y.l.s.s.hl.HLSplitDataPreProcessor - onCreate:id=0,trainRatio=0.2,testRatio=0.8
20:48:15.389 [STREAM-1_PROCESSING-ITEM-1] INFO  c.y.l.s.l.c.hl.NBModelProcessor - NBModelProcessor created, id = 0
20:48:15.457 [STREAM-1_PROCESSING-ITEM-1] INFO  c.y.l.s.l.c.hl.NBModelProcessor - K=2,A=42
20:48:21.564 [STREAM-2_PROCESSING-ITEM-2] INFO  c.y.l.s.e.EvaluatorProcessor - 3 seconds for 10000 instances
20:48:21.589 [STREAM-2_PROCESSING-ITEM-2] INFO  c.y.l.s.e.EvaluatorProcessor - evaluation instances = 10,000
classified instances = 10,000
classifications correct (percent) = 90.04
Kappa Statistic (percent) = 80.038
Kappa Temporal Statistic (percent) = 80.151
20:48:25.097 [STREAM-2_PROCESSING-ITEM-2] INFO  c.y.l.s.e.EvaluatorProcessor - 3 seconds for 10000 instances
20:48:25.098 [STREAM-2_PROCESSING-ITEM-2] INFO  c.y.l.s.e.EvaluatorProcessor - evaluation instances = 20,000
classified instances = 20,000
classifications correct (percent) = 89.89
Kappa Statistic (percent) = 79.749
Kappa Temporal Statistic (percent) = 79.796
20:48:28.905 [STREAM-2_PROCESSING-ITEM-2] INFO  c.y.l.s.e.EvaluatorProcessor - 3 seconds for 10000 instances
20:48:28.906 [STREAM-2_PROCESSING-ITEM-2] INFO  c.y.l.s.e.EvaluatorProcessor - evaluation instances = 30,000
classified instances = 30,000
classifications correct (percent) = 89.803
Kappa Statistic (percent) = 79.573
Kappa Temporal Statistic (percent) = 79.575
^Chl@hlnode3:/opt/s4/apache-s4-0.6.0-incubating-src$ 


-------- node 2 ----------
SAMOA: Scalable Advanced Massive Online Analysis Platform 
Version: 0.0.1
Copyright: Copyright Yahoo! Inc 2013
Web: http://github.com/yahoo/samoa

20:48:15.224 [S4 platform loader] INFO  c.y.l.s.s.hl.HLSplitDataPreProcessor - init(): trainRatio=0.2,testRatio=0.8
ARFF file URL=http://hlnode3/lab3/data/n.arff
20:48:15.360 [S4 platform loader] INFO  c.y.l.s.l.classifiers.hl.NaiveBayes - ================================================
20:48:15.361 [S4 platform loader] INFO  c.y.l.s.l.classifiers.hl.NaiveBayes - Begin init NaiveBayes Classifier topology.
20:48:15.373 [S4 platform loader] INFO  c.y.l.s.l.classifiers.hl.NaiveBayes - Sucessfully initializing NaiveBayes classifier topology.
20:48:15.400 [S4 platform loader] INFO  org.apache.s4.core.App - Init prototype [com.yahoo.labs.samoa.topology.impl.S4EntranceProcessingItem].
20:48:15.406 [S4 platform loader] INFO  org.apache.s4.core.App - Init prototype [com.yahoo.labs.samoa.topology.impl.S4ProcessingItem].
20:48:15.407 [S4 platform loader] INFO  org.apache.s4.core.App - Init prototype [com.yahoo.labs.samoa.topology.impl.S4ProcessingItem].
20:48:15.408 [S4 platform loader] INFO  org.apache.s4.core.App - Init prototype [com.yahoo.labs.samoa.topology.impl.S4ProcessingItem].
20:48:15.409 [S4 platform loader] INFO  c.y.l.samoa.topology.impl.S4DoTask - Starting DoTaskApp... App Partition [1]
