------------- node 3 -------------------
19:16:30.852 [main] INFO  o.a.s.comm.topology.AssignmentFromZK - New session:91706607793078274; state is : SyncConnected
19:16:31.202 [main] INFO  o.a.s.comm.topology.AssignmentFromZK - Successfully acquired task:Task-0 by hlnode3
19:16:40.051 [S4 platform loader] INFO  org.apache.s4.core.S4Bootstrap - Initializing S4 app with : []]
19:16:41.215 [S4 platform loader] INFO  org.apache.s4.core.S4Bootstrap - Loading application [SamoaS4App] from file [/tmp/tmp7541343882146623100s4r]
19:16:41.216 [S4 platform loader] WARN  org.apache.s4.core.DefaultCoreModule - s4.tmp.dir not specified, using temporary directory [/tmp/1399331801216-0] for unpacking S4R. You may want to specify a parent non-temporary directory.
19:16:41.218 [S4 platform loader] INFO  o.a.s4.base.util.S4RLoaderFactory - Unzipping S4R archive in [/tmp/1399331801216-0/tmp7541343882146623100s4r-1399331801217]
19:16:41.316 [S4 platform loader] INFO  org.apache.s4.core.S4Bootstrap - App class name is: com.yahoo.labs.samoa.topology.impl.S4DoTask
19:16:41.550 [S4 platform loader] INFO  o.a.s4.comm.topology.ClusterFromZK - Changing cluster topology to { nbNodes=2,name=cluster,mode=unicast,type=,nodes=[{partition=0,port=12000,machineName=hlnode3,taskId=Task-0}, {partition=1,port=12001,machineName=hlnode2,taskId=Task-1}]} from null
19:16:41.571 [S4 platform loader] INFO  o.a.s4.comm.topology.ClusterFromZK - Adding topology change listener:org.apache.s4.comm.tcp.TCPEmitter@18dbc96
19:16:41.831 [S4 platform loader] INFO  o.a.s.c.s.ThrottlingSenderExecutorServiceFactory - Creating a throttling executor with a pool size of 1 and max rate of 200000 events / s
19:16:41.878 [S4 platform loader] INFO  org.apache.s4.core.util.S4Metrics - Metrics reporting not configured
19:16:41.887 [S4 platform loader] INFO  o.a.s4.comm.topology.ClusterFromZK - Adding topology change listener:org.apache.s4.core.SenderImpl@17200ad
19:16:42.171 [S4 platform loader] INFO  o.a.s4.comm.topology.ClustersFromZK - New session:91706607793078274
19:16:42.187 [S4 platform loader] INFO  o.a.s4.comm.topology.ClustersFromZK - New session:91706607793078274
19:16:42.243 [S4 platform loader] INFO  o.a.s4.comm.topology.ClusterFromZK - Changing cluster topology to { nbNodes=2,name=cluster,mode=unicast,type=,nodes=[{partition=0,port=12000,machineName=hlnode3,taskId=Task-0}, {partition=1,port=12001,machineName=hlnode2,taskId=Task-1}]} from null
19:16:42.253 [S4 platform loader] INFO  org.apache.s4.core.S4Bootstrap - Loaded application from file /tmp/tmp7541343882146623100s4r
19:16:42.254 [S4 platform loader] INFO  c.y.l.samoa.topology.impl.S4DoTask - DoTaskApp onInit

SAMOA: Scalable Advanced Massive Online Analysis Platform 
Version: 0.0.1
Copyright: Copyright Yahoo! Inc 2013
Web: http://github.com/yahoo/samoa

19:16:42.890 [S4 platform loader] INFO  c.y.l.s.s.hl.HLSplitDataPreProcessor - init(): trainRatio=0.2,testRatio=0.8
ARFF file URL=http://hlnode3/lab3/data/n.arff
19:16:43.027 [S4 platform loader] INFO  c.y.l.s.l.classifiers.hl.NaiveBayes - ================================================
19:16:43.032 [S4 platform loader] INFO  c.y.l.s.l.classifiers.hl.NaiveBayes - Begin init NaiveBayes Classifier topology.
19:16:43.091 [S4 platform loader] INFO  c.y.l.s.l.classifiers.hl.NaiveBayes - Sucessfully initializing NaiveBayes classifier topology.
19:16:43.121 [S4 platform loader] INFO  org.apache.s4.core.App - Init prototype [com.yahoo.labs.samoa.topology.impl.S4EntranceProcessingItem].
19:16:43.123 [S4 platform loader] INFO  org.apache.s4.core.App - Init prototype [com.yahoo.labs.samoa.topology.impl.S4ProcessingItem].
19:16:43.129 [S4 platform loader] INFO  org.apache.s4.core.App - Init prototype [com.yahoo.labs.samoa.topology.impl.S4ProcessingItem].
19:16:43.129 [S4 platform loader] INFO  org.apache.s4.core.App - Init prototype [com.yahoo.labs.samoa.topology.impl.S4ProcessingItem].
19:16:43.129 [S4 platform loader] INFO  org.apache.s4.core.App - Init prototype [com.yahoo.labs.samoa.topology.impl.S4ProcessingItem].
19:16:43.130 [S4 platform loader] INFO  org.apache.s4.core.App - Init prototype [com.yahoo.labs.samoa.topology.impl.S4ProcessingItem].
19:16:43.130 [S4 platform loader] INFO  c.y.l.samoa.topology.impl.S4DoTask - Starting DoTaskApp... App Partition [0]
19:16:43.261 [STREAM-0_PROCESSING-ITEM-0] INFO  c.y.l.s.s.hl.HLSplitDataPreProcessor - newProcessor(), id=0,trainRatio=0.2,testRatio=0.8
19:16:43.264 [STREAM-0_PROCESSING-ITEM-0] INFO  c.y.l.s.s.hl.HLSplitDataPreProcessor - onCreate:id=0,trainRatio=0.2,testRatio=0.8
19:16:43.309 [STREAM-1_PROCESSING-ITEM-1] INFO  c.y.l.s.l.c.hl.NBDistributor - NBDistributor created, id = 0
19:16:43.647 [STREAM-2_PROCESSING-ITEM-2] INFO  c.y.l.s.l.c.hl.NBAttributeStat -  <***>NBAttributeStat.newProcessor(), just begin
19:16:43.652 [STREAM-2_PROCESSING-ITEM-2] INFO  c.y.l.s.l.c.hl.NBAttributeStat -  ***NBAttributeStat.newProcessor(),hashcode=13515873
19:16:43.692 [STREAM-2_PROCESSING-ITEM-2] INFO  c.y.l.s.l.c.hl.NBAttributeStat -  ***NBAttributeStat created, id=0, iMin=0, iMax=41
19:16:44.155 [STREAM-3_PROCESSING-ITEM-3] INFO  c.y.l.s.l.c.hl.NBModelProcessor -  ^^^ NBModelProcessor newProcessor, id = 0
19:16:44.160 [STREAM-3_PROCESSING-ITEM-3] INFO  c.y.l.s.l.c.hl.NBModelProcessor -  ^^^ NBModelProcessor created, id = 0
19:16:44.165 [STREAM-3_PROCESSING-ITEM-3] INFO  c.y.l.s.l.c.hl.NBModelProcessor - K=2,A=42
19:16:51.702 [STREAM-5_PROCESSING-ITEM-4] INFO  c.y.l.s.e.EvaluatorProcessor - 4 seconds for 10000 instances
19:16:51.739 [STREAM-5_PROCESSING-ITEM-4] INFO  c.y.l.s.e.EvaluatorProcessor - evaluation instances = 10,000
classified instances = 10,000
classifications correct (percent) = 89.56
Kappa Statistic (percent) = 79.079
Kappa Temporal Statistic (percent) = 79.236
19:17:10.316 [STREAM-5_PROCESSING-ITEM-4] INFO  c.y.l.s.e.EvaluatorProcessor - 18 seconds for 10000 instances
19:17:10.317 [STREAM-5_PROCESSING-ITEM-4] INFO  c.y.l.s.e.EvaluatorProcessor - evaluation instances = 20,000
classified instances = 20,000
classifications correct (percent) = 89.68
Kappa Statistic (percent) = 79.339
Kappa Temporal Statistic (percent) = 79.411



----------------- node 2 --------------------------

19:16:35.771 [main] INFO  o.a.s.comm.topology.AssignmentFromZK - New session:91706607793078275; state is : SyncConnected
19:16:36.202 [main] INFO  o.a.s.comm.topology.AssignmentFromZK - Successfully acquired task:Task-1 by hlnode2
19:16:39.852 [S4 platform loader] INFO  org.apache.s4.core.S4Bootstrap - Initializing S4 app with : []]
19:16:41.622 [S4 platform loader] INFO  org.apache.s4.core.S4Bootstrap - Loading application [SamoaS4App] from file [/tmp/tmp1906274634762193309s4r]
19:16:41.625 [S4 platform loader] WARN  org.apache.s4.core.DefaultCoreModule - s4.tmp.dir not specified, using temporary directory [/tmp/1399331801624-0] for unpacking S4R. You may want to specify a parent non-temporary directory.
19:16:41.627 [S4 platform loader] INFO  o.a.s4.base.util.S4RLoaderFactory - Unzipping S4R archive in [/tmp/1399331801624-0/tmp1906274634762193309s4r-1399331801626]
19:16:41.727 [S4 platform loader] INFO  org.apache.s4.core.S4Bootstrap - App class name is: com.yahoo.labs.samoa.topology.impl.S4DoTask
19:16:42.044 [S4 platform loader] INFO  o.a.s4.comm.topology.ClusterFromZK - Changing cluster topology to { nbNodes=2,name=cluster,mode=unicast,type=,nodes=[{partition=0,port=12000,machineName=hlnode3,taskId=Task-0}, {partition=1,port=12001,machineName=hlnode2,taskId=Task-1}]} from null
19:16:42.083 [S4 platform loader] INFO  o.a.s4.comm.topology.ClusterFromZK - Adding topology change listener:org.apache.s4.comm.tcp.TCPEmitter@7c1a5a
19:16:42.427 [S4 platform loader] INFO  o.a.s.c.s.ThrottlingSenderExecutorServiceFactory - Creating a throttling executor with a pool size of 1 and max rate of 200000 events / s
19:16:42.480 [S4 platform loader] INFO  org.apache.s4.core.util.S4Metrics - Metrics reporting not configured
19:16:42.495 [S4 platform loader] INFO  o.a.s4.comm.topology.ClusterFromZK - Adding topology change listener:org.apache.s4.core.SenderImpl@11008e
19:16:42.592 [S4 platform loader] INFO  o.a.s4.comm.topology.ClustersFromZK - New session:91706607793078275
19:16:42.603 [S4 platform loader] INFO  o.a.s4.comm.topology.ClustersFromZK - New session:91706607793078275
19:16:42.631 [S4 platform loader] INFO  o.a.s4.comm.topology.ClusterFromZK - Changing cluster topology to { nbNodes=2,name=cluster,mode=unicast,type=,nodes=[{partition=0,port=12000,machineName=hlnode3,taskId=Task-0}, {partition=1,port=12001,machineName=hlnode2,taskId=Task-1}]} from null
19:16:42.641 [S4 platform loader] INFO  org.apache.s4.core.S4Bootstrap - Loaded application from file /tmp/tmp1906274634762193309s4r
19:16:42.643 [S4 platform loader] INFO  c.y.l.samoa.topology.impl.S4DoTask - DoTaskApp onInit

SAMOA: Scalable Advanced Massive Online Analysis Platform 
Version: 0.0.1
Copyright: Copyright Yahoo! Inc 2013
Web: http://github.com/yahoo/samoa

19:16:43.194 [S4 platform loader] INFO  c.y.l.s.s.hl.HLSplitDataPreProcessor - init(): trainRatio=0.2,testRatio=0.8
ARFF file URL=http://hlnode3/lab3/data/n.arff
19:16:43.329 [S4 platform loader] INFO  c.y.l.s.l.classifiers.hl.NaiveBayes - ================================================
19:16:43.330 [S4 platform loader] INFO  c.y.l.s.l.classifiers.hl.NaiveBayes - Begin init NaiveBayes Classifier topology.
19:16:43.383 [S4 platform loader] INFO  c.y.l.s.l.classifiers.hl.NaiveBayes - Sucessfully initializing NaiveBayes classifier topology.
19:16:43.409 [S4 platform loader] INFO  org.apache.s4.core.App - Init prototype [com.yahoo.labs.samoa.topology.impl.S4EntranceProcessingItem].
19:16:43.413 [S4 platform loader] INFO  org.apache.s4.core.App - Init prototype [com.yahoo.labs.samoa.topology.impl.S4ProcessingItem].
19:16:43.414 [S4 platform loader] INFO  org.apache.s4.core.App - Init prototype [com.yahoo.labs.samoa.topology.impl.S4ProcessingItem].
19:16:43.415 [S4 platform loader] INFO  org.apache.s4.core.App - Init prototype [com.yahoo.labs.samoa.topology.impl.S4ProcessingItem].
19:16:43.416 [S4 platform loader] INFO  org.apache.s4.core.App - Init prototype [com.yahoo.labs.samoa.topology.impl.S4ProcessingItem].
19:16:43.417 [S4 platform loader] INFO  org.apache.s4.core.App - Init prototype [com.yahoo.labs.samoa.topology.impl.S4ProcessingItem].
19:16:43.419 [S4 platform loader] INFO  c.y.l.samoa.topology.impl.S4DoTask - Starting DoTaskApp... App Partition [1]
19:16:46.280 [STREAM-3_PROCESSING-ITEM-3] INFO  c.y.l.s.l.c.hl.NBModelProcessor -  ^^^ NBModelProcessor newProcessor, id = 0
19:16:46.283 [STREAM-3_PROCESSING-ITEM-3] INFO  c.y.l.s.l.c.hl.NBModelProcessor -  ^^^ NBModelProcessor created, id = 1
19:16:46.290 [STREAM-3_PROCESSING-ITEM-3] INFO  c.y.l.s.l.c.hl.NBModelProcessor - K=2,A=42
