--------- node 3---------------
	at com.yahoo.labs.samoa.evaluation.BasicClassificationPerformanceEvaluator.addClassificationAttempt(BasicClassificationPerformanceEvaluator.java:93) ~[samoa-api-0.0.1-SNAPSHOT.jar:na]
	at com.yahoo.labs.samoa.evaluation.EvaluatorProcessor.process(EvaluatorProcessor.java:94) ~[samoa-api-0.0.1-SNAPSHOT.jar:na]
	at com.yahoo.labs.samoa.topology.impl.S4ProcessingItem.onEvent(S4ProcessingItem.java:98) ~[samoa-s4-0.0.1-SNAPSHOT.jar:na]
	at OverloadDispatcher2720.dispatchEvent(Unknown Source) ~[na:na]
	at org.apache.s4.core.ProcessingElement.handleInputEvent(ProcessingElement.java:461) ~[s4-core-0.6.0-incubating.jar:0.6.0-incubating]
	at org.apache.s4.core.Stream$StreamEventProcessingTask.run(Stream.java:333) ~[s4-core-0.6.0-incubating.jar:0.6.0-incubating]
	at org.apache.s4.comm.staging.BlockingThreadPoolExecutorService$RunnableWithPermitRelease.run(BlockingThreadPoolExecutorService.java:178) ~[s4-comm-0.6.0-incubating.jar:0.6.0-incubating]
	at java.util.concurrent.ThreadPoolExecutor.runWorker(ThreadPoolExecutor.java:1145) ~[na:1.7.0_51]
	at java.util.concurrent.ThreadPoolExecutor$Worker.run(ThreadPoolExecutor.java:615) ~[na:1.7.0_51]
	at java.lang.Thread.run(Thread.java:744) ~[na:1.7.0_51]
20:24:29.390 [STREAM-3_PROCESSING-ITEM-4] ERROR org.apache.s4.core.S4Node - Uncaught exception in thread STREAM-3_PROCESSING-ITEM-4
java.lang.ArrayIndexOutOfBoundsException: 20
	at com.yahoo.labs.samoa.evaluation.BasicClassificationPerformanceEvaluator.addClassificationAttempt(BasicClassificationPerformanceEvaluator.java:93) ~[samoa-api-0.0.1-SNAPSHOT.jar:na]
	at com.yahoo.labs.samoa.evaluation.EvaluatorProcessor.process(EvaluatorProcessor.java:94) ~[samoa-api-0.0.1-SNAPSHOT.jar:na]
	at com.yahoo.labs.samoa.topology.impl.S4ProcessingItem.onEvent(S4ProcessingItem.java:98) ~[samoa-s4-0.0.1-SNAPSHOT.jar:na]
	at OverloadDispatcher2720.dispatchEvent(Unknown Source) ~[na:na]
	at org.apache.s4.core.ProcessingElement.handleInputEvent(ProcessingElement.java:461) ~[s4-core-0.6.0-incubating.jar:0.6.0-incubating]
	at org.apache.s4.core.Stream$StreamEventProcessingTask.run(Stream.java:333) ~[s4-core-0.6.0-incubating.jar:0.6.0-incubating]
	at org.apache.s4.comm.staging.BlockingThreadPoolExecutorService$RunnableWithPermitRelease.run(BlockingThreadPoolExecutorService.java:178) ~[s4-comm-0.6.0-incubating.jar:0.6.0-incubating]
	at java.util.concurrent.ThreadPoolExecutor.runWorker(ThreadPoolExecutor.java:1145) ~[na:1.7.0_51]
	at java.util.concurrent.ThreadPoolExecutor$Worker.run(ThreadPoolExecutor.java:615) ~[na:1.7.0_51]
	at java.lang.Thread.run(Thread.java:744) ~[na:1.7.0_51]
20:24:29.383 [STREAM-3_PROCESSING-ITEM-4] ERROR org.apache.s4.core.S4Node - Uncaught exception in thread STREAM-3_PROCESSING-ITEM-4
java.lang.ArrayIndexOutOfBoundsException: 20
	at com.yahoo.labs.samoa.evaluation.BasicClassificationPerformanceEvaluator.addClassificationAttempt(BasicClassificationPerformanceEvaluator.java:93) ~[samoa-api-0.0.1-SNAPSHOT.jar:na]
	at com.yahoo.labs.samoa.evaluation.EvaluatorProcessor.process(EvaluatorProcessor.java:94) ~[samoa-api-0.0.1-SNAPSHOT.jar:na]
	at com.yahoo.labs.samoa.topology.impl.S4ProcessingItem.onEvent(S4ProcessingItem.java:98) ~[samoa-s4-0.0.1-SNAPSHOT.jar:na]
	at OverloadDispatcher2720.dispatchEvent(Unknown Source) ~[na:na]
	at org.apache.s4.core.ProcessingElement.handleInputEvent(ProcessingElement.java:461) ~[s4-core-0.6.0-incubating.jar:0.6.0-incubating]
	at org.apache.s4.core.Stream$StreamEventProcessingTask.run(Stream.java:333) ~[s4-core-0.6.0-incubating.jar:0.6.0-incubating]
	at org.apache.s4.comm.staging.BlockingThreadPoolExecutorService$RunnableWithPermitRelease.run(BlockingThreadPoolExecutorService.java:178) ~[s4-comm-0.6.0-incubating.jar:0.6.0-incubating]
	at java.util.concurrent.ThreadPoolExecutor.runWorker(ThreadPoolExecutor.java:1145) ~[na:1.7.0_51]
	at java.util.concurrent.ThreadPoolExecutor$Worker.run(ThreadPoolExecutor.java:615) ~[na:1.7.0_51]
	at java.lang.Thread.run(Thread.java:744) ~[na:1.7.0_51]
20:24:29.365 [STREAM-3_PROCESSING-ITEM-4] ERROR org.apache.s4.core.S4Node - Uncaught exception in thread STREAM-3_PROCESSING-ITEM-4
java.lang.ArrayIndexOutOfBoundsException: 20
	at com.yahoo.labs.samoa.evaluation.BasicClassificationPerformanceEvaluator.addClassificationAttempt(BasicClassificationPerformanceEvaluator.java:93) ~[samoa-api-0.0.1-SNAPSHOT.jar:na]
	at com.yahoo.labs.samoa.evaluation.EvaluatorProcessor.process(EvaluatorProcessor.java:94) ~[samoa-api-0.0.1-SNAPSHOT.jar:na]
	at com.yahoo.labs.samoa.topology.impl.S4ProcessingItem.onEvent(S4ProcessingItem.java:98) ~[samoa-s4-0.0.1-SNAPSHOT.jar:na]
	at OverloadDispatcher2720.dispatchEvent(Unknown Source) ~[na:na]
	at org.apache.s4.core.ProcessingElement.handleInputEvent(ProcessingElement.java:461) ~[s4-core-0.6.0-incubating.jar:0.6.0-incubating]
	at org.apache.s4.core.Stream$StreamEventProcessingTask.run(Stream.java:333) ~[s4-core-0.6.0-incubating.jar:0.6.0-incubating]
	at org.apache.s4.comm.staging.BlockingThreadPoolExecutorService$RunnableWithPermitRelease.run(BlockingThreadPoolExecutorService.java:178) ~[s4-comm-0.6.0-incubating.jar:0.6.0-incubating]
	at java.util.concurrent.ThreadPoolExecutor.runWorker(ThreadPoolExecutor.java:1145) ~[na:1.7.0_51]
	at java.util.concurrent.ThreadPoolExecutor$Worker.run(ThreadPoolExecutor.java:615) ~[na:1.7.0_51]
	at java.lang.Thread.run(Thread.java:744) ~[na:1.7.0_51]
20:24:29.339 [STREAM-3_PROCESSING-ITEM-4] ERROR org.apache.s4.core.S4Node - Uncaught exception in thread STREAM-3_PROCESSING-ITEM-4
java.lang.ArrayIndexOutOfBoundsException: 20
	at com.yahoo.labs.samoa.evaluation.BasicClassificationPerformanceEvaluator.addClassificationAttempt(BasicClassificationPerformanceEvaluator.java:93) ~[samoa-api-0.0.1-SNAPSHOT.jar:na]
	at com.yahoo.labs.samoa.evaluation.EvaluatorProcessor.process(EvaluatorProcessor.java:94) ~[samoa-api-0.0.1-SNAPSHOT.jar:na]
	at com.yahoo.labs.samoa.topology.impl.S4ProcessingItem.onEvent(S4ProcessingItem.java:98) ~[samoa-s4-0.0.1-SNAPSHOT.jar:na]
	at OverloadDispatcher2720.dispatchEvent(Unknown Source) ~[na:na]
	at org.apache.s4.core.ProcessingElement.handleInputEvent(ProcessingElement.java:461) ~[s4-core-0.6.0-incubating.jar:0.6.0-incubating]
	at org.apache.s4.core.Stream$StreamEventProcessingTask.run(Stream.java:333) ~[s4-core-0.6.0-incubating.jar:0.6.0-incubating]
	at org.apache.s4.comm.staging.BlockingThreadPoolExecutorService$RunnableWithPermitRelease.run(BlockingThreadPoolExecutorService.java:178) ~[s4-comm-0.6.0-incubating.jar:0.6.0-incubating]
	at java.util.concurrent.ThreadPoolExecutor.runWorker(ThreadPoolExecutor.java:1145) ~[na:1.7.0_51]
	at java.util.concurrent.ThreadPoolExecutor$Worker.run(ThreadPoolExecutor.java:615) ~[na:1.7.0_51]
	at java.lang.Thread.run(Thread.java:744) ~[na:1.7.0_51]
20:24:29.321 [STREAM-3_PROCESSING-ITEM-4] ERROR org.apache.s4.core.S4Node - Uncaught exception in thread STREAM-3_PROCESSING-ITEM-4
java.lang.ArrayIndexOutOfBoundsException: 20
	at com.yahoo.labs.samoa.evaluation.BasicClassificationPerformanceEvaluator.addClassificationAttempt(BasicClassificationPerformanceEvaluator.java:93) ~[samoa-api-0.0.1-SNAPSHOT.jar:na]
	at com.yahoo.labs.samoa.evaluation.EvaluatorProcessor.process(EvaluatorProcessor.java:94) ~[samoa-api-0.0.1-SNAPSHOT.jar:na]
	at com.yahoo.labs.samoa.topology.impl.S4ProcessingItem.onEvent(S4ProcessingItem.java:98) ~[samoa-s4-0.0.1-SNAPSHOT.jar:na]
	at OverloadDispatcher2720.dispatchEvent(Unknown Source) ~[na:na]
	at org.apache.s4.core.ProcessingElement.handleInputEvent(ProcessingElement.java:461) ~[s4-core-0.6.0-incubating.jar:0.6.0-incubating]
	at org.apache.s4.core.Stream$StreamEventProcessingTask.run(Stream.java:333) ~[s4-core-0.6.0-incubating.jar:0.6.0-incubating]
	at org.apache.s4.comm.staging.BlockingThreadPoolExecutorService$RunnableWithPermitRelease.run(BlockingThreadPoolExecutorService.java:178) ~[s4-comm-0.6.0-incubating.jar:0.6.0-incubating]
	at java.util.concurrent.ThreadPoolExecutor.runWorker(ThreadPoolExecutor.java:1145) ~[na:1.7.0_51]
	at java.util.concurrent.ThreadPoolExecutor$Worker.run(ThreadPoolExecutor.java:615) ~[na:1.7.0_51]
	at java.lang.Thread.run(Thread.java:744) ~[na:1.7.0_51]
20:24:29.289 [STREAM-3_PROCESSING-ITEM-4] ERROR org.apache.s4.core.S4Node - Uncaught exception in thread STREAM-3_PROCESSING-ITEM-4
java.lang.ArrayIndexOutOfBoundsException: 20
	at com.yahoo.labs.samoa.evaluation.BasicClassificationPerformanceEvaluator.addClassificationAttempt(BasicClassificationPerformanceEvaluator.java:93) ~[samoa-api-0.0.1-SNAPSHOT.jar:na]
	at com.yahoo.labs.samoa.evaluation.EvaluatorProcessor.process(EvaluatorProcessor.java:94) ~[samoa-api-0.0.1-SNAPSHOT.jar:na]
	at com.yahoo.labs.samoa.topology.impl.S4ProcessingItem.onEvent(S4ProcessingItem.java:98) ~[samoa-s4-0.0.1-SNAPSHOT.jar:na]
	at OverloadDispatcher2720.dispatchEvent(Unknown Source) ~[na:na]
	at org.apache.s4.core.ProcessingElement.handleInputEvent(ProcessingElement.java:461) ~[s4-core-0.6.0-incubating.jar:0.6.0-incubating]
	at org.apache.s4.core.Stream$StreamEventProcessingTask.run(Stream.java:333) ~[s4-core-0.6.0-incubating.jar:0.6.0-incubating]
	at org.apache.s4.comm.staging.BlockingThreadPoolExecutorService$RunnableWithPermitRelease.run(BlockingThreadPoolExecutorService.java:178) ~[s4-comm-0.6.0-incubating.jar:0.6.0-incubating]
	at java.util.concurrent.ThreadPoolExecutor.runWorker(ThreadPoolExecutor.java:1145) ~[na:1.7.0_51]
	at java.util.concurrent.ThreadPoolExecutor$Worker.run(ThreadPoolExecutor.java:615) ~[na:1.7.0_51]
	at java.lang.Thread.run(Thread.java:744) ~[na:1.7.0_51]
20:24:30.040 [STREAM-3_PROCESSING-ITEM-4] ERROR org.apache.s4.core.S4Node - Uncaught exception in thread STREAM-3_PROCESSING-ITEM-4
java.lang.ArrayIndexOutOfBoundsException: 20
	at com.yahoo.labs.samoa.evaluation.BasicClassificationPerformanceEvaluator.addClassificationAttempt(BasicClassificationPerformanceEvaluator.java:93) ~[samoa-api-0.0.1-SNAPSHOT.jar:na]
	at com.yahoo.labs.samoa.evaluation.EvaluatorProcessor.process(EvaluatorProcessor.java:94) ~[samoa-api-0.0.1-SNAPSHOT.jar:na]
	at com.yahoo.labs.samoa.topology.impl.S4ProcessingItem.onEvent(S4ProcessingItem.java:98) ~[samoa-s4-0.0.1-SNAPSHOT.jar:na]
	at OverloadDispatcher2720.dispatchEvent(Unknown Source) ~[na:na]
	at org.apache.s4.core.ProcessingElement.handleInputEvent(ProcessingElement.java:461) ~[s4-core-0.6.0-incubating.jar:0.6.0-incubating]
	at org.apache.s4.core.Stream$StreamEventProcessingTask.run(Stream.java:333) ~[s4-core-0.6.0-incubating.jar:0.6.0-incubating]
	at org.apache.s4.comm.staging.BlockingThreadPoolExecutorService$RunnableWithPermitRelease.run(BlockingThreadPoolExecutorService.java:178) ~[s4-comm-0.6.0-incubating.jar:0.6.0-incubating]
	at java.util.concurrent.ThreadPoolExecutor.runWorker(ThreadPoolExecutor.java:1145) ~[na:1.7.0_51]
	at java.util.concurrent.ThreadPoolExecutor$Worker.run(ThreadPoolExecutor.java:615) ~[na:1.7.0_51]
	at java.lang.Thread.run(Thread.java:744) ~[na:1.7.0_51]
20:24:30.024 [STREAM-3_PROCESSING-ITEM-4] ERROR org.apache.s4.core.S4Node - Uncaught exception in thread STREAM-3_PROCESSING-ITEM-4
java.lang.ArrayIndexOutOfBoundsException: 20
	at com.yahoo.labs.samoa.evaluation.BasicClassificationPerformanceEvaluator.addClassificationAttempt(BasicClassificationPerformanceEvaluator.java:93) ~[samoa-api-0.0.1-SNAPSHOT.jar:na]
	at com.yahoo.labs.samoa.evaluation.EvaluatorProcessor.process(EvaluatorProcessor.java:94) ~[samoa-api-0.0.1-SNAPSHOT.jar:na]
	at com.yahoo.labs.samoa.topology.impl.S4ProcessingItem.onEvent(S4ProcessingItem.java:98) ~[samoa-s4-0.0.1-SNAPSHOT.jar:na]
	at OverloadDispatcher2720.dispatchEvent(Unknown Source) ~[na:na]
	at org.apache.s4.core.ProcessingElement.handleInputEvent(ProcessingElement.java:461) ~[s4-core-0.6.0-incubating.jar:0.6.0-incubating]
	at org.apache.s4.core.Stream$StreamEventProcessingTask.run(Stream.java:333) ~[s4-core-0.6.0-incubating.jar:0.6.0-incubating]
	at org.apache.s4.comm.staging.BlockingThreadPoolExecutorService$RunnableWithPermitRelease.run(BlockingThreadPoolExecutorService.java:178) ~[s4-comm-0.6.0-incubating.jar:0.6.0-incubating]
	at java.util.concurrent.ThreadPoolExecutor.runWorker(ThreadPoolExecutor.java:1145) ~[na:1.7.0_51]
	at java.util.concurrent.ThreadPoolExecutor$Worker.run(ThreadPoolExecutor.java:615) ~[na:1.7.0_51]
	at java.lang.Thread.run(Thread.java:744) ~[na:1.7.0_51]
20:24:56.896 [STREAM-3_PROCESSING-ITEM-4] INFO  c.y.l.s.e.EvaluatorProcessor - 39 seconds for 100000 instances
20:24:56.898 [STREAM-3_PROCESSING-ITEM-4] INFO  c.y.l.s.e.EvaluatorProcessor - evaluation instances = 200,000
classified instances = 200,099
classifications correct (percent) = 63.075
Kappa Statistic (percent) = 30.126
Kappa Temporal Statistic (percent) = -790.849
20:25:00.881 [STREAM-3_PROCESSING-ITEM-4] ERROR org.apache.s4.core.S4Node - Uncaught exception in thread STREAM-3_PROCESSING-ITEM-4
java.lang.ArrayIndexOutOfBoundsException: 20
	at com.yahoo.labs.samoa.evaluation.BasicClassificationPerformanceEvaluator.addClassificationAttempt(BasicClassificationPerformanceEvaluator.java:93) ~[samoa-api-0.0.1-SNAPSHOT.jar:na]
	at com.yahoo.labs.samoa.evaluation.EvaluatorProcessor.process(EvaluatorProcessor.java:94) ~[samoa-api-0.0.1-SNAPSHOT.jar:na]
	at com.yahoo.labs.samoa.topology.impl.S4ProcessingItem.onEvent(S4ProcessingItem.java:98) ~[samoa-s4-0.0.1-SNAPSHOT.jar:na]
	at OverloadDispatcher2720.dispatchEvent(Unknown Source) ~[na:na]
	at org.apache.s4.core.ProcessingElement.handleInputEvent(ProcessingElement.java:461) ~[s4-core-0.6.0-incubating.jar:0.6.0-incubating]
	at org.apache.s4.core.Stream$StreamEventProcessingTask.run(Stream.java:333) ~[s4-core-0.6.0-incubating.jar:0.6.0-incubating]
	at org.apache.s4.comm.staging.BlockingThreadPoolExecutorService$RunnableWithPermitRelease.run(BlockingThreadPoolExecutorService.java:178) ~[s4-comm-0.6.0-incubating.jar:0.6.0-incubating]
	at java.util.concurrent.ThreadPoolExecutor.runWorker(ThreadPoolExecutor.java:1145) ~[na:1.7.0_51]
	at java.util.concurrent.ThreadPoolExecutor$Worker.run(ThreadPoolExecutor.java:615) ~[na:1.7.0_51]
	at java.lang.Thread.run(Thread.java:744) ~[na:1.7.0_51]
20:25:00.891 [STREAM-3_PROCESSING-ITEM-4] ERROR org.apache.s4.core.S4Node - Uncaught exception in thread STREAM-3_PROCESSING-ITEM-4
java.lang.ArrayIndexOutOfBoundsException: 20
	at com.yahoo.labs.samoa.evaluation.BasicClassificationPerformanceEvaluator.addClassificationAttempt(BasicClassificationPerformanceEvaluator.java:93) ~[samoa-api-0.0.1-SNAPSHOT.jar:na]
	at com.yahoo.labs.samoa.evaluation.EvaluatorProcessor.process(EvaluatorProcessor.java:94) ~[samoa-api-0.0.1-SNAPSHOT.jar:na]
	at com.yahoo.labs.samoa.topology.impl.S4ProcessingItem.onEvent(S4ProcessingItem.java:98) ~[samoa-s4-0.0.1-SNAPSHOT.jar:na]
	at OverloadDispatcher2720.dispatchEvent(Unknown Source) ~[na:na]
	at org.apache.s4.core.ProcessingElement.handleInputEvent(ProcessingElement.java:461) ~[s4-core-0.6.0-incubating.jar:0.6.0-incubating]
	at org.apache.s4.core.Stream$StreamEventProcessingTask.run(Stream.java:333) ~[s4-core-0.6.0-incubating.jar:0.6.0-incubating]
	at org.apache.s4.comm.staging.BlockingThreadPoolExecutorService$RunnableWithPermitRelease.run(BlockingThreadPoolExecutorService.java:178) ~[s4-comm-0.6.0-incubating.jar:0.6.0-incubating]
	at java.util.concurrent.ThreadPoolExecutor.runWorker(ThreadPoolExecutor.java:1145) ~[na:1.7.0_51]
	at java.util.concurrent.ThreadPoolExecutor$Worker.run(ThreadPoolExecutor.java:615) ~[na:1.7.0_51]
	at java.lang.Thread.run(Thread.java:744) ~[na:1.7.0_51]
20:25:00.902 [STREAM-3_PROCESSING-ITEM-4] ERROR org.apache.s4.core.S4Node - Uncaught exception in thread STREAM-3_PROCESSING-ITEM-4
java.lang.ArrayIndexOutOfBoundsException: 20
	at com.yahoo.labs.samoa.evaluation.BasicClassificationPerformanceEvaluator.addClassificationAttempt(BasicClassificationPerformanceEvaluator.java:93) ~[samoa-api-0.0.1-SNAPSHOT.jar:na]
	at com.yahoo.labs.samoa.evaluation.EvaluatorProcessor.process(EvaluatorProcessor.java:94) ~[samoa-api-0.0.1-SNAPSHOT.jar:na]
	at com.yahoo.labs.samoa.topology.impl.S4ProcessingItem.onEvent(S4ProcessingItem.java:98) ~[samoa-s4-0.0.1-SNAPSHOT.jar:na]
	at OverloadDispatcher2720.dispatchEvent(Unknown Source) ~[na:na]
	at org.apache.s4.core.ProcessingElement.handleInputEvent(ProcessingElement.java:461) ~[s4-core-0.6.0-incubating.jar:0.6.0-incubating]
	at org.apache.s4.core.Stream$StreamEventProcessingTask.run(Stream.java:333) ~[s4-core-0.6.0-incubating.jar:0.6.0-incubating]
	at org.apache.s4.comm.staging.BlockingThreadPoolExecutorService$RunnableWithPermitRelease.run(BlockingThreadPoolExecutorService.java:178) ~[s4-comm-0.6.0-incubating.jar:0.6.0-incubating]
	at java.util.concurrent.ThreadPoolExecutor.runWorker(ThreadPoolExecutor.java:1145) ~[na:1.7.0_51]
	at java.util.concurrent.ThreadPoolExecutor$Worker.run(ThreadPoolExecutor.java:615) ~[na:1.7.0_51]
	at java.lang.Thread.run(Thread.java:744) ~[na:1.7.0_51]
20:25:00.973 [STREAM-3_PROCESSING-ITEM-4] ERROR org.apache.s4.core.S4Node - Uncaught exception in thread STREAM-3_PROCESSING-ITEM-4
java.lang.ArrayIndexOutOfBoundsException: 20
	at com.yahoo.labs.samoa.evaluation.BasicClassificationPerformanceEvaluator.addClassificationAttempt(BasicClassificationPerformanceEvaluator.java:93) ~[samoa-api-0.0.1-SNAPSHOT.jar:na]
	at com.yahoo.labs.samoa.evaluation.EvaluatorProcessor.process(EvaluatorProcessor.java:94) ~[samoa-api-0.0.1-SNAPSHOT.jar:na]
	at com.yahoo.labs.samoa.topology.impl.S4ProcessingItem.onEvent(S4ProcessingItem.java:98) ~[samoa-s4-0.0.1-SNAPSHOT.jar:na]
	at OverloadDispatcher2720.dispatchEvent(Unknown Source) ~[na:na]
	at org.apache.s4.core.ProcessingElement.handleInputEvent(ProcessingElement.java:461) ~[s4-core-0.6.0-incubating.jar:0.6.0-incubating]
	at org.apache.s4.core.Stream$StreamEventProcessingTask.run(Stream.java:333) ~[s4-core-0.6.0-incubating.jar:0.6.0-incubating]
	at org.apache.s4.comm.staging.BlockingThreadPoolExecutorService$RunnableWithPermitRelease.run(BlockingThreadPoolExecutorService.java:178) ~[s4-comm-0.6.0-incubating.jar:0.6.0-incubating]
	at java.util.concurrent.ThreadPoolExecutor.runWorker(ThreadPoolExecutor.java:1145) ~[na:1.7.0_51]
	at java.util.concurrent.ThreadPoolExecutor$Worker.run(ThreadPoolExecutor.java:615) ~[na:1.7.0_51]
	at java.lang.Thread.run(Thread.java:744) ~[na:1.7.0_51]
20:25:00.981 [STREAM-3_PROCESSING-ITEM-4] ERROR org.apache.s4.core.S4Node - Uncaught exception in thread STREAM-3_PROCESSING-ITEM-4
java.lang.ArrayIndexOutOfBoundsException: 20
	at com.yahoo.labs.samoa.evaluation.BasicClassificationPerformanceEvaluator.addClassificationAttempt(BasicClassificationPerformanceEvaluator.java:93) ~[samoa-api-0.0.1-SNAPSHOT.jar:na]
	at com.yahoo.labs.samoa.evaluation.EvaluatorProcessor.process(EvaluatorProcessor.java:94) ~[samoa-api-0.0.1-SNAPSHOT.jar:na]
	at com.yahoo.labs.samoa.topology.impl.S4ProcessingItem.onEvent(S4ProcessingItem.java:98) ~[samoa-s4-0.0.1-SNAPSHOT.jar:na]
	at OverloadDispatcher2720.dispatchEvent(Unknown Source) ~[na:na]
	at org.apache.s4.core.ProcessingElement.handleInputEvent(ProcessingElement.java:461) ~[s4-core-0.6.0-incubating.jar:0.6.0-incubating]
	at org.apache.s4.core.Stream$StreamEventProcessingTask.run(Stream.java:333) ~[s4-core-0.6.0-incubating.jar:0.6.0-incubating]
	at org.apache.s4.comm.staging.BlockingThreadPoolExecutorService$RunnableWithPermitRelease.run(BlockingThreadPoolExecutorService.java:178) ~[s4-comm-0.6.0-incubating.jar:0.6.0-incubating]
	at java.util.concurrent.ThreadPoolExecutor.runWorker(ThreadPoolExecutor.java:1145) ~[na:1.7.0_51]
	at java.util.concurrent.ThreadPoolExecutor$Worker.run(ThreadPoolExecutor.java:615) ~[na:1.7.0_51]
	at java.lang.Thread.run(Thread.java:744) ~[na:1.7.0_51]
20:25:00.996 [STREAM-3_PROCESSING-ITEM-4] ERROR org.apache.s4.core.S4Node - Uncaught exception in thread STREAM-3_PROCESSING-ITEM-4
java.lang.ArrayIndexOutOfBoundsException: 20
	at com.yahoo.labs.samoa.evaluation.BasicClassificationPerformanceEvaluator.addClassificationAttempt(BasicClassificationPerformanceEvaluator.java:93) ~[samoa-api-0.0.1-SNAPSHOT.jar:na]
	at com.yahoo.labs.samoa.evaluation.EvaluatorProcessor.process(EvaluatorProcessor.java:94) ~[samoa-api-0.0.1-SNAPSHOT.jar:na]
	at com.yahoo.labs.samoa.topology.impl.S4ProcessingItem.onEvent(S4ProcessingItem.java:98) ~[samoa-s4-0.0.1-SNAPSHOT.jar:na]
	at OverloadDispatcher2720.dispatchEvent(Unknown Source) ~[na:na]
	at org.apache.s4.core.ProcessingElement.handleInputEvent(ProcessingElement.java:461) ~[s4-core-0.6.0-incubating.jar:0.6.0-incubating]
	at org.apache.s4.core.Stream$StreamEventProcessingTask.run(Stream.java:333) ~[s4-core-0.6.0-incubating.jar:0.6.0-incubating]
	at org.apache.s4.comm.staging.BlockingThreadPoolExecutorService$RunnableWithPermitRelease.run(BlockingThreadPoolExecutorService.java:178) ~[s4-comm-0.6.0-incubating.jar:0.6.0-incubating]
	at java.util.concurrent.ThreadPoolExecutor.runWorker(ThreadPoolExecutor.java:1145) ~[na:1.7.0_51]
	at java.util.concurrent.ThreadPoolExecutor$Worker.run(ThreadPoolExecutor.java:615) ~[na:1.7.0_51]
	at java.lang.Thread.run(Thread.java:744) ~[na:1.7.0_51]
20:25:02.350 [STREAM-3_PROCESSING-ITEM-4] ERROR org.apache.s4.core.S4Node - Uncaught exception in thread STREAM-3_PROCESSING-ITEM-4
java.lang.ArrayIndexOutOfBoundsException: 20
	at com.yahoo.labs.samoa.evaluation.BasicClassificationPerformanceEvaluator.addClassificationAttempt(BasicClassificationPerformanceEvaluator.java:93) ~[samoa-api-0.0.1-SNAPSHOT.jar:na]
	at com.yahoo.labs.samoa.evaluation.EvaluatorProcessor.process(EvaluatorProcessor.java:94) ~[samoa-api-0.0.1-SNAPSHOT.jar:na]
	at com.yahoo.labs.samoa.topology.impl.S4ProcessingItem.onEvent(S4ProcessingItem.java:98) ~[samoa-s4-0.0.1-SNAPSHOT.jar:na]
	at OverloadDispatcher2720.dispatchEvent(Unknown Source) ~[na:na]
	at org.apache.s4.core.ProcessingElement.handleInputEvent(ProcessingElement.java:461) ~[s4-core-0.6.0-incubating.jar:0.6.0-incubating]
	at org.apache.s4.core.Stream$StreamEventProcessingTask.run(Stream.java:333) ~[s4-core-0.6.0-incubating.jar:0.6.0-incubating]
	at org.apache.s4.comm.staging.BlockingThreadPoolExecutorService$RunnableWithPermitRelease.run(BlockingThreadPoolExecutorService.java:178) ~[s4-comm-0.6.0-incubating.jar:0.6.0-incubating]
	at java.util.concurrent.ThreadPoolExecutor.runWorker(ThreadPoolExecutor.java:1145) ~[na:1.7.0_51]
	at java.util.concurrent.ThreadPoolExecutor$Worker.run(ThreadPoolExecutor.java:615) ~[na:1.7.0_51]
	at java.lang.Thread.run(Thread.java:744) ~[na:1.7.0_51]
20:25:02.361 [STREAM-3_PROCESSING-ITEM-4] ERROR org.apache.s4.core.S4Node - Uncaught exception in thread STREAM-3_PROCESSING-ITEM-4
java.lang.ArrayIndexOutOfBoundsException: 20
	at com.yahoo.labs.samoa.evaluation.BasicClassificationPerformanceEvaluator.addClassificationAttempt(BasicClassificationPerformanceEvaluator.java:93) ~[samoa-api-0.0.1-SNAPSHOT.jar:na]
	at com.yahoo.labs.samoa.evaluation.EvaluatorProcessor.process(EvaluatorProcessor.java:94) ~[samoa-api-0.0.1-SNAPSHOT.jar:na]
	at com.yahoo.labs.samoa.topology.impl.S4ProcessingItem.onEvent(S4ProcessingItem.java:98) ~[samoa-s4-0.0.1-SNAPSHOT.jar:na]
	at OverloadDispatcher2720.dispatchEvent(Unknown Source) ~[na:na]
	at org.apache.s4.core.ProcessingElement.handleInputEvent(ProcessingElement.java:461) ~[s4-core-0.6.0-incubating.jar:0.6.0-incubating]
	at org.apache.s4.core.Stream$StreamEventProcessingTask.run(Stream.java:333) ~[s4-core-0.6.0-incubating.jar:0.6.0-incubating]
	at org.apache.s4.comm.staging.BlockingThreadPoolExecutorService$RunnableWithPermitRelease.run(BlockingThreadPoolExecutorService.java:178) ~[s4-comm-0.6.0-incubating.jar:0.6.0-incubating]
	at java.util.concurrent.ThreadPoolExecutor.runWorker(ThreadPoolExecutor.java:1145) ~[na:1.7.0_51]
	at java.util.concurrent.ThreadPoolExecutor$Worker.run(ThreadPoolExecutor.java:615) ~[na:1.7.0_51]
	at java.lang.Thread.run(Thread.java:744) ~[na:1.7.0_51]
20:25:02.363 [STREAM-3_PROCESSING-ITEM-4] ERROR org.apache.s4.core.S4Node - Uncaught exception in thread STREAM-3_PROCESSING-ITEM-4
java.lang.ArrayIndexOutOfBoundsException: 20
	at com.yahoo.labs.samoa.evaluation.BasicClassificationPerformanceEvaluator.addClassificationAttempt(BasicClassificationPerformanceEvaluator.java:93) ~[samoa-api-0.0.1-SNAPSHOT.jar:na]
	at com.yahoo.labs.samoa.evaluation.EvaluatorProcessor.process(EvaluatorProcessor.java:94) ~[samoa-api-0.0.1-SNAPSHOT.jar:na]
	at com.yahoo.labs.samoa.topology.impl.S4ProcessingItem.onEvent(S4ProcessingItem.java:98) ~[samoa-s4-0.0.1-SNAPSHOT.jar:na]
	at OverloadDispatcher2720.dispatchEvent(Unknown Source) ~[na:na]
	at org.apache.s4.core.ProcessingElement.handleInputEvent(ProcessingElement.java:461) ~[s4-core-0.6.0-incubating.jar:0.6.0-incubating]
	at org.apache.s4.core.Stream$StreamEventProcessingTask.run(Stream.java:333) ~[s4-core-0.6.0-incubating.jar:0.6.0-incubating]
	at org.apache.s4.comm.staging.BlockingThreadPoolExecutorService$RunnableWithPermitRelease.run(BlockingThreadPoolExecutorService.java:178) ~[s4-comm-0.6.0-incubating.jar:0.6.0-incubating]
	at java.util.concurrent.ThreadPoolExecutor.runWorker(ThreadPoolExecutor.java:1145) ~[na:1.7.0_51]
	at java.util.concurrent.ThreadPoolExecutor$Worker.run(ThreadPoolExecutor.java:615) ~[na:1.7.0_51]
	at java.lang.Thread.run(Thread.java:744) ~[na:1.7.0_51]
20:25:02.379 [STREAM-3_PROCESSING-ITEM-4] ERROR org.apache.s4.core.S4Node - Uncaught exception in thread STREAM-3_PROCESSING-ITEM-4
java.lang.ArrayIndexOutOfBoundsException: 20
	at com.yahoo.labs.samoa.evaluation.BasicClassificationPerformanceEvaluator.addClassificationAttempt(BasicClassificationPerformanceEvaluator.java:93) ~[samoa-api-0.0.1-SNAPSHOT.jar:na]
	at com.yahoo.labs.samoa.evaluation.EvaluatorProcessor.process(EvaluatorProcessor.java:94) ~[samoa-api-0.0.1-SNAPSHOT.jar:na]
	at com.yahoo.labs.samoa.topology.impl.S4ProcessingItem.onEvent(S4ProcessingItem.java:98) ~[samoa-s4-0.0.1-SNAPSHOT.jar:na]
	at OverloadDispatcher2720.dispatchEvent(Unknown Source) ~[na:na]
	at org.apache.s4.core.ProcessingElement.handleInputEvent(ProcessingElement.java:461) ~[s4-core-0.6.0-incubating.jar:0.6.0-incubating]
	at org.apache.s4.core.Stream$StreamEventProcessingTask.run(Stream.java:333) ~[s4-core-0.6.0-incubating.jar:0.6.0-incubating]
	at org.apache.s4.comm.staging.BlockingThreadPoolExecutorService$RunnableWithPermitRelease.run(BlockingThreadPoolExecutorService.java:178) ~[s4-comm-0.6.0-incubating.jar:0.6.0-incubating]
	at java.util.concurrent.ThreadPoolExecutor.runWorker(ThreadPoolExecutor.java:1145) ~[na:1.7.0_51]
	at java.util.concurrent.ThreadPoolExecutor$Worker.run(ThreadPoolExecutor.java:615) ~[na:1.7.0_51]
	at java.lang.Thread.run(Thread.java:744) ~[na:1.7.0_51]
20:25:02.395 [STREAM-3_PROCESSING-ITEM-4] ERROR org.apache.s4.core.S4Node - Uncaught exception in thread STREAM-3_PROCESSING-ITEM-4
java.lang.ArrayIndexOutOfBoundsException: 20
	at com.yahoo.labs.samoa.evaluation.BasicClassificationPerformanceEvaluator.addClassificationAttempt(BasicClassificationPerformanceEvaluator.java:93) ~[samoa-api-0.0.1-SNAPSHOT.jar:na]
	at com.yahoo.labs.samoa.evaluation.EvaluatorProcessor.process(EvaluatorProcessor.java:94) ~[samoa-api-0.0.1-SNAPSHOT.jar:na]
	at com.yahoo.labs.samoa.topology.impl.S4ProcessingItem.onEvent(S4ProcessingItem.java:98) ~[samoa-s4-0.0.1-SNAPSHOT.jar:na]
	at OverloadDispatcher2720.dispatchEvent(Unknown Source) ~[na:na]
	at org.apache.s4.core.ProcessingElement.handleInputEvent(ProcessingElement.java:461) ~[s4-core-0.6.0-incubating.jar:0.6.0-incubating]
	at org.apache.s4.core.Stream$StreamEventProcessingTask.run(Stream.java:333) ~[s4-core-0.6.0-incubating.jar:0.6.0-incubating]
	at org.apache.s4.comm.staging.BlockingThreadPoolExecutorService$RunnableWithPermitRelease.run(BlockingThreadPoolExecutorService.java:178) ~[s4-comm-0.6.0-incubating.jar:0.6.0-incubating]
	at java.util.concurrent.ThreadPoolExecutor.runWorker(ThreadPoolExecutor.java:1145) ~[na:1.7.0_51]
	at java.util.concurrent.ThreadPoolExecutor$Worker.run(ThreadPoolExecutor.java:615) ~[na:1.7.0_51]
	at java.lang.Thread.run(Thread.java:744) ~[na:1.7.0_51]
20:25:02.392 [STREAM-3_PROCESSING-ITEM-4] ERROR org.apache.s4.core.S4Node - Uncaught exception in thread STREAM-3_PROCESSING-ITEM-4
java.lang.ArrayIndexOutOfBoundsException: 20
	at com.yahoo.labs.samoa.evaluation.BasicClassificationPerformanceEvaluator.addClassificationAttempt(BasicClassificationPerformanceEvaluator.java:93) ~[samoa-api-0.0.1-SNAPSHOT.jar:na]
	at com.yahoo.labs.samoa.evaluation.EvaluatorProcessor.process(EvaluatorProcessor.java:94) ~[samoa-api-0.0.1-SNAPSHOT.jar:na]
	at com.yahoo.labs.samoa.topology.impl.S4ProcessingItem.onEvent(S4ProcessingItem.java:98) ~[samoa-s4-0.0.1-SNAPSHOT.jar:na]
	at OverloadDispatcher2720.dispatchEvent(Unknown Source) ~[na:na]
	at org.apache.s4.core.ProcessingElement.handleInputEvent(ProcessingElement.java:461) ~[s4-core-0.6.0-incubating.jar:0.6.0-incubating]
	at org.apache.s4.core.Stream$StreamEventProcessingTask.run(Stream.java:333) ~[s4-core-0.6.0-incubating.jar:0.6.0-incubating]
	at org.apache.s4.comm.staging.BlockingThreadPoolExecutorService$RunnableWithPermitRelease.run(BlockingThreadPoolExecutorService.java:178) ~[s4-comm-0.6.0-incubating.jar:0.6.0-incubating]
	at java.util.concurrent.ThreadPoolExecutor.runWorker(ThreadPoolExecutor.java:1145) ~[na:1.7.0_51]
	at java.util.concurrent.ThreadPoolExecutor$Worker.run(ThreadPoolExecutor.java:615) ~[na:1.7.0_51]
	at java.lang.Thread.run(Thread.java:744) ~[na:1.7.0_51]
20:25:02.406 [STREAM-3_PROCESSING-ITEM-4] ERROR org.apache.s4.core.S4Node - Uncaught exception in thread STREAM-3_PROCESSING-ITEM-4
java.lang.ArrayIndexOutOfBoundsException: 20
	at com.yahoo.labs.samoa.evaluation.BasicClassificationPerformanceEvaluator.addClassificationAttempt(BasicClassificationPerformanceEvaluator.java:93) ~[samoa-api-0.0.1-SNAPSHOT.jar:na]
	at com.yahoo.labs.samoa.evaluation.EvaluatorProcessor.process(EvaluatorProcessor.java:94) ~[samoa-api-0.0.1-SNAPSHOT.jar:na]
	at com.yahoo.labs.samoa.topology.impl.S4ProcessingItem.onEvent(S4ProcessingItem.java:98) ~[samoa-s4-0.0.1-SNAPSHOT.jar:na]
	at OverloadDispatcher2720.dispatchEvent(Unknown Source) ~[na:na]
	at org.apache.s4.core.ProcessingElement.handleInputEvent(ProcessingElement.java:461) ~[s4-core-0.6.0-incubating.jar:0.6.0-incubating]
	at org.apache.s4.core.Stream$StreamEventProcessingTask.run(Stream.java:333) ~[s4-core-0.6.0-incubating.jar:0.6.0-incubating]
	at org.apache.s4.comm.staging.BlockingThreadPoolExecutorService$RunnableWithPermitRelease.run(BlockingThreadPoolExecutorService.java:178) ~[s4-comm-0.6.0-incubating.jar:0.6.0-incubating]
	at java.util.concurrent.ThreadPoolExecutor.runWorker(ThreadPoolExecutor.java:1145) ~[na:1.7.0_51]
	at java.util.concurrent.ThreadPoolExecutor$Worker.run(ThreadPoolExecutor.java:615) ~[na:1.7.0_51]
	at java.lang.Thread.run(Thread.java:744) ~[na:1.7.0_51]



----------- node 2-----------------
hl@hlnode2:/opt/s4/apache-s4-0.6.0-incubating-src$ . ~/lab/lab3/scripts/startNode.sh
20:22:38.861 [main] INFO  o.a.s.comm.topology.AssignmentFromZK - New session:91706867394674692; state is : SyncConnected
20:22:39.295 [main] INFO  o.a.s.comm.topology.AssignmentFromZK - Successfully acquired task:Task-1 by hlnode2
20:22:48.478 [S4 platform loader] INFO  org.apache.s4.core.S4Bootstrap - Initializing S4 app with : []]
20:22:50.224 [S4 platform loader] INFO  org.apache.s4.core.S4Bootstrap - Loading application [SamoaS4App] from file [/tmp/tmp2464190555502466321s4r]
20:22:50.226 [S4 platform loader] WARN  org.apache.s4.core.DefaultCoreModule - s4.tmp.dir not specified, using temporary directory [/tmp/1399335770225-0] for unpacking S4R. You may want to specify a parent non-temporary directory.
20:22:50.228 [S4 platform loader] INFO  o.a.s4.base.util.S4RLoaderFactory - Unzipping S4R archive in [/tmp/1399335770225-0/tmp2464190555502466321s4r-1399335770228]
20:22:50.341 [S4 platform loader] INFO  org.apache.s4.core.S4Bootstrap - App class name is: com.yahoo.labs.samoa.topology.impl.S4DoTask
20:22:50.626 [S4 platform loader] INFO  o.a.s4.comm.topology.ClusterFromZK - Changing cluster topology to { nbNodes=3,name=cluster,mode=unicast,type=,nodes=[{partition=2,port=12002,machineName=hlnode1,taskId=Task-2}, {partition=0,port=12000,machineName=hlnode3,taskId=Task-0}, {partition=1,port=12001,machineName=hlnode2,taskId=Task-1}]} from null
20:22:50.663 [S4 platform loader] INFO  o.a.s4.comm.topology.ClusterFromZK - Adding topology change listener:org.apache.s4.comm.tcp.TCPEmitter@1a60e09
20:22:51.009 [S4 platform loader] INFO  o.a.s.c.s.ThrottlingSenderExecutorServiceFactory - Creating a throttling executor with a pool size of 1 and max rate of 200000 events / s
20:22:51.062 [S4 platform loader] INFO  org.apache.s4.core.util.S4Metrics - Metrics reporting not configured
20:22:51.070 [S4 platform loader] INFO  o.a.s4.comm.topology.ClusterFromZK - Adding topology change listener:org.apache.s4.core.SenderImpl@3b813c
20:22:51.166 [S4 platform loader] INFO  o.a.s4.comm.topology.ClustersFromZK - New session:91706867394674692
20:22:51.176 [S4 platform loader] INFO  o.a.s4.comm.topology.ClustersFromZK - New session:91706867394674692
20:22:51.241 [S4 platform loader] INFO  o.a.s4.comm.topology.ClusterFromZK - Changing cluster topology to { nbNodes=3,name=cluster,mode=unicast,type=,nodes=[{partition=2,port=12002,machineName=hlnode1,taskId=Task-2}, {partition=0,port=12000,machineName=hlnode3,taskId=Task-0}, {partition=1,port=12001,machineName=hlnode2,taskId=Task-1}]} from null
20:22:51.256 [S4 platform loader] INFO  org.apache.s4.core.S4Bootstrap - Loaded application from file /tmp/tmp2464190555502466321s4r
20:22:51.258 [S4 platform loader] INFO  c.y.l.samoa.topology.impl.S4DoTask - DoTaskApp onInit

SAMOA: Scalable Advanced Massive Online Analysis Platform 
Version: 0.0.1
Copyright: Copyright Yahoo! Inc 2013
Web: http://github.com/yahoo/samoa

20:22:51.796 [S4 platform loader] INFO  c.y.l.s.s.hl.HLSplitDataPreProcessor - init(): trainRatio=0.2,testRatio=0.8
ARFF file URL=http://hlnode3/lab3/data/k.arff
20:22:52.109 [S4 platform loader] INFO  org.apache.s4.core.App - Init prototype [com.yahoo.labs.samoa.topology.impl.S4EntranceProcessingItem].
20:22:52.113 [S4 platform loader] INFO  org.apache.s4.core.App - Init prototype [com.yahoo.labs.samoa.topology.impl.S4ProcessingItem].
20:22:52.114 [S4 platform loader] INFO  org.apache.s4.core.App - Init prototype [com.yahoo.labs.samoa.topology.impl.S4ProcessingItem].
20:22:52.115 [S4 platform loader] INFO  org.apache.s4.core.App - Init prototype [com.yahoo.labs.samoa.topology.impl.S4ProcessingItem].
20:22:52.116 [S4 platform loader] INFO  org.apache.s4.core.App - Init prototype [com.yahoo.labs.samoa.topology.impl.S4ProcessingItem].
20:22:52.117 [S4 platform loader] INFO  org.apache.s4.core.App - Init prototype [com.yahoo.labs.samoa.topology.impl.S4ProcessingItem].
20:22:52.119 [S4 platform loader] INFO  c.y.l.samoa.topology.impl.S4DoTask - Starting DoTaskApp... App Partition [1]


----------- node 1------------------
SAMOA: Scalable Advanced Massive Online Analysis Platform 
Version: 0.0.1
Copyright: Copyright Yahoo! Inc 2013
Web: http://github.com/yahoo/samoa

20:22:51.958 [S4 platform loader] INFO  c.y.l.s.s.hl.HLSplitDataPreProcessor - init(): trainRatio=0.2,testRatio=0.8
ARFF file URL=http://hlnode3/lab3/data/k.arff
20:22:52.220 [S4 platform loader] INFO  org.apache.s4.core.App - Init prototype [com.yahoo.labs.samoa.topology.impl.S4EntranceProcessingItem].
20:22:52.224 [S4 platform loader] INFO  org.apache.s4.core.App - Init prototype [com.yahoo.labs.samoa.topology.impl.S4ProcessingItem].
20:22:52.225 [S4 platform loader] INFO  org.apache.s4.core.App - Init prototype [com.yahoo.labs.samoa.topology.impl.S4ProcessingItem].
20:22:52.226 [S4 platform loader] INFO  org.apache.s4.core.App - Init prototype [com.yahoo.labs.samoa.topology.impl.S4ProcessingItem].
20:22:52.227 [S4 platform loader] INFO  org.apache.s4.core.App - Init prototype [com.yahoo.labs.samoa.topology.impl.S4ProcessingItem].
20:22:52.228 [S4 platform loader] INFO  org.apache.s4.core.App - Init prototype [com.yahoo.labs.samoa.topology.impl.S4ProcessingItem].
20:22:52.230 [S4 platform loader] INFO  c.y.l.samoa.topology.impl.S4DoTask - Starting DoTaskApp... App Partition [2]
