----------- node 3-------------
SAMOA: Scalable Advanced Massive Online Analysis Platform 
Version: 0.0.1
Copyright: Copyright Yahoo! Inc 2013
Web: http://github.com/yahoo/samoa

20:03:30.683 [S4 platform loader] INFO  c.y.l.s.s.hl.HLSplitDataPreProcessor - init(): trainRatio=0.2,testRatio=0.8
ARFF file URL=http://hlnode3/lab3/data/k.arff
20:03:31.130 [S4 platform loader] INFO  c.y.l.s.l.classifiers.hl.NaiveBayes - ================================================
20:03:31.131 [S4 platform loader] INFO  c.y.l.s.l.classifiers.hl.NaiveBayes - Begin init NaiveBayes Classifier topology.
20:03:31.243 [S4 platform loader] INFO  c.y.l.s.l.classifiers.hl.NaiveBayes - Sucessfully initializing NaiveBayes classifier topology.
20:03:31.372 [S4 platform loader] INFO  org.apache.s4.core.App - Init prototype [com.yahoo.labs.samoa.topology.impl.S4EntranceProcessingItem].
20:03:31.383 [S4 platform loader] INFO  org.apache.s4.core.App - Init prototype [com.yahoo.labs.samoa.topology.impl.S4ProcessingItem].
20:03:31.389 [S4 platform loader] INFO  org.apache.s4.core.App - Init prototype [com.yahoo.labs.samoa.topology.impl.S4ProcessingItem].
20:03:31.402 [S4 platform loader] INFO  org.apache.s4.core.App - Init prototype [com.yahoo.labs.samoa.topology.impl.S4ProcessingItem].
20:03:31.418 [S4 platform loader] INFO  org.apache.s4.core.App - Init prototype [com.yahoo.labs.samoa.topology.impl.S4ProcessingItem].
20:03:31.418 [S4 platform loader] INFO  org.apache.s4.core.App - Init prototype [com.yahoo.labs.samoa.topology.impl.S4ProcessingItem].
20:03:31.418 [S4 platform loader] INFO  c.y.l.samoa.topology.impl.S4DoTask - Starting DoTaskApp... App Partition [0]
20:03:31.689 [STREAM-0_PROCESSING-ITEM-0] INFO  c.y.l.s.s.hl.HLSplitDataPreProcessor - newProcessor(), id=0,trainRatio=0.2,testRatio=0.8
20:03:31.692 [STREAM-0_PROCESSING-ITEM-0] INFO  c.y.l.s.s.hl.HLSplitDataPreProcessor - onCreate:id=0,trainRatio=0.2,testRatio=0.8
20:03:31.765 [STREAM-1_PROCESSING-ITEM-1] INFO  c.y.l.s.l.c.hl.NBDistributor - NBDistributor created, id = 0
20:03:32.922 [STREAM-2_PROCESSING-ITEM-2] INFO  c.y.l.s.l.c.hl.NBAttributeStat -  <***>NBAttributeStat.newProcessor(), just begin
20:03:32.936 [STREAM-2_PROCESSING-ITEM-2] INFO  c.y.l.s.l.c.hl.NBAttributeStat -  ***NBAttributeStat.newProcessor(),hashcode=5044269
20:03:32.990 [STREAM-2_PROCESSING-ITEM-2] INFO  c.y.l.s.l.c.hl.NBAttributeStat -  ***NBAttributeStat created, id=0, iMin=0, iMax=41
20:03:33.939 [STREAM-3_PROCESSING-ITEM-3] INFO  c.y.l.s.l.c.hl.NBModelProcessor -  ^^^ NBModelProcessor newProcessor, id = 0
20:03:33.948 [STREAM-3_PROCESSING-ITEM-3] INFO  c.y.l.s.l.c.hl.NBModelProcessor -  ^^^ NBModelProcessor created, id = 0
20:03:33.963 [STREAM-3_PROCESSING-ITEM-3] INFO  c.y.l.s.l.c.hl.NBModelProcessor - K=23,A=42

Exception: java.lang.OutOfMemoryError thrown from the UncaughtExceptionHandler in thread "deserializer-0"
^C
Exception: java.lang.OutOfMemoryError thrown from the UncaughtExceptionHandler in thread "pool-8-thread-1"




-------- node 2 -----------
SAMOA: Scalable Advanced Massive Online Analysis Platform 
Version: 0.0.1
Copyright: Copyright Yahoo! Inc 2013
Web: http://github.com/yahoo/samoa

20:03:29.171 [S4 platform loader] INFO  c.y.l.s.s.hl.HLSplitDataPreProcessor - init(): trainRatio=0.2,testRatio=0.8
ARFF file URL=http://hlnode3/lab3/data/k.arff
20:03:29.354 [S4 platform loader] INFO  c.y.l.s.l.classifiers.hl.NaiveBayes - ================================================
20:03:29.355 [S4 platform loader] INFO  c.y.l.s.l.classifiers.hl.NaiveBayes - Begin init NaiveBayes Classifier topology.
20:03:29.410 [S4 platform loader] INFO  c.y.l.s.l.classifiers.hl.NaiveBayes - Sucessfully initializing NaiveBayes classifier topology.
20:03:29.434 [S4 platform loader] INFO  org.apache.s4.core.App - Init prototype [com.yahoo.labs.samoa.topology.impl.S4EntranceProcessingItem].
20:03:29.438 [S4 platform loader] INFO  org.apache.s4.core.App - Init prototype [com.yahoo.labs.samoa.topology.impl.S4ProcessingItem].
20:03:29.440 [S4 platform loader] INFO  org.apache.s4.core.App - Init prototype [com.yahoo.labs.samoa.topology.impl.S4ProcessingItem].
20:03:29.441 [S4 platform loader] INFO  org.apache.s4.core.App - Init prototype [com.yahoo.labs.samoa.topology.impl.S4ProcessingItem].
20:03:29.442 [S4 platform loader] INFO  org.apache.s4.core.App - Init prototype [com.yahoo.labs.samoa.topology.impl.S4ProcessingItem].
20:03:29.443 [S4 platform loader] INFO  org.apache.s4.core.App - Init prototype [com.yahoo.labs.samoa.topology.impl.S4ProcessingItem].
20:03:29.444 [S4 platform loader] INFO  c.y.l.samoa.topology.impl.S4DoTask - Starting DoTaskApp... App Partition [1]
20:03:35.508 [STREAM-3_PROCESSING-ITEM-3] INFO  c.y.l.s.l.c.hl.NBModelProcessor -  ^^^ NBModelProcessor newProcessor, id = 0
20:03:35.521 [STREAM-3_PROCESSING-ITEM-3] INFO  c.y.l.s.l.c.hl.NBModelProcessor -  ^^^ NBModelProcessor created, id = 1
20:03:35.537 [STREAM-3_PROCESSING-ITEM-3] INFO  c.y.l.s.l.c.hl.NBModelProcessor - K=23,A=42
20:05:34.860 [ZkClient-EventThread-9-hlnode3] INFO  o.a.s4.comm.topology.ClusterFromZK - Changing cluster topology to { nbNodes=2,name=cluster,mode=unicast,type=,nodes=[{partition=2,port=12002,machineName=hlnode1,taskId=Task-2}, {partition=1,port=12001,machineName=hlnode2,taskId=Task-1}]} from { nbNodes=3,name=cluster,mode=unicast,type=,nodes=[{partition=2,port=12002,machineName=hlnode1,taskId=Task-2}, {partition=0,port=12000,machineName=hlnode3,taskId=Task-0}, {partition=1,port=12001,machineName=hlnode2,taskId=Task-1}]}

----------- node 1 ----------
SAMOA: Scalable Advanced Massive Online Analysis Platform 
Version: 0.0.1
Copyright: Copyright Yahoo! Inc 2013
Web: http://github.com/yahoo/samoa

20:03:29.335 [S4 platform loader] INFO  c.y.l.s.s.hl.HLSplitDataPreProcessor - init(): trainRatio=0.2,testRatio=0.8
ARFF file URL=http://hlnode3/lab3/data/k.arff
20:03:29.475 [S4 platform loader] INFO  c.y.l.s.l.classifiers.hl.NaiveBayes - ================================================
20:03:29.476 [S4 platform loader] INFO  c.y.l.s.l.classifiers.hl.NaiveBayes - Begin init NaiveBayes Classifier topology.
20:03:29.527 [S4 platform loader] INFO  c.y.l.s.l.classifiers.hl.NaiveBayes - Sucessfully initializing NaiveBayes classifier topology.
20:03:29.552 [S4 platform loader] INFO  org.apache.s4.core.App - Init prototype [com.yahoo.labs.samoa.topology.impl.S4EntranceProcessingItem].
20:03:29.556 [S4 platform loader] INFO  org.apache.s4.core.App - Init prototype [com.yahoo.labs.samoa.topology.impl.S4ProcessingItem].
20:03:29.557 [S4 platform loader] INFO  org.apache.s4.core.App - Init prototype [com.yahoo.labs.samoa.topology.impl.S4ProcessingItem].
20:03:29.558 [S4 platform loader] INFO  org.apache.s4.core.App - Init prototype [com.yahoo.labs.samoa.topology.impl.S4ProcessingItem].
20:03:29.559 [S4 platform loader] INFO  org.apache.s4.core.App - Init prototype [com.yahoo.labs.samoa.topology.impl.S4ProcessingItem].
20:03:29.560 [S4 platform loader] INFO  org.apache.s4.core.App - Init prototype [com.yahoo.labs.samoa.topology.impl.S4ProcessingItem].
20:03:29.561 [S4 platform loader] INFO  c.y.l.samoa.topology.impl.S4DoTask - Starting DoTaskApp... App Partition [2]
20:03:35.240 [STREAM-3_PROCESSING-ITEM-3] INFO  c.y.l.s.l.c.hl.NBModelProcessor -  ^^^ NBModelProcessor newProcessor, id = 0
20:03:35.251 [STREAM-3_PROCESSING-ITEM-3] INFO  c.y.l.s.l.c.hl.NBModelProcessor -  ^^^ NBModelProcessor created, id = 2
20:03:35.263 [STREAM-3_PROCESSING-ITEM-3] INFO  c.y.l.s.l.c.hl.NBModelProcessor - K=23,A=42
20:05:34.490 [ZkClient-EventThread-9-hlnode3] INFO  o.a.s4.comm.topology.ClusterFromZK - Changing cluster topology to { nbNodes=2,name=cluster,mode=unicast,type=,nodes=[{partition=2,port=12002,machineName=hlnode1,taskId=Task-2}, {partition=1,port=12001,machineName=hlnode2,taskId=Task-1}]} from { nbNodes=3,name=cluster,mode=unicast,type=,nodes=[{partition=2,port=12002,machineName=hlnode1,taskId=Task-2}, {partition=0,port=12000,machineName=hlnode3,taskId=Task-0}, {partition=1,port=12001,machineName=hlnode2,taskId=Task-1}]}

