hl@hlnode3:/opt/samoa$ . ~/lab/lab3/scripts2/local/lab3nb6localk.sh
/opt/samoa/bin/samoa
Deploying to LOCAL
Command line string =  com.yahoo.labs.samoa.tasks.hl.HLTrainTestEvaluation -d /home/hl/lab/lab3/result/resultLocalNB6k -r (com.yahoo.labs.samoa.streams.hl.HLSplitDataPreProcessor -a 0.2 -b 0.8 -o 1 -i 500000) -l (com.yahoo.labs.samoa.learners.classifiers.hl.NaiveBayes -a 1 -m 1) -p 1 -s (com.yahoo.labs.samoa.moa.streams.ArffFileStream -f '/home/hl/data/k.arff') -f 100000 -i 500000
[main] INFO com.yahoo.labs.samoa.LocalDoTask - Sucessfully instantiating com.yahoo.labs.samoa.tasks.hl.HLTrainTestEvaluation
[main] INFO com.yahoo.labs.samoa.streams.hl.HLSplitDataPreProcessor - init(): trainRatio=0.2,testRatio=0.8
[main] INFO com.yahoo.labs.samoa.learners.classifiers.hl.NaiveBayes - ================================================
[main] INFO com.yahoo.labs.samoa.learners.classifiers.hl.NaiveBayes - Begin init NaiveBayes Classifier topology.
[main] INFO com.yahoo.labs.samoa.learners.classifiers.hl.NaiveBayes - Sucessfully initializing NaiveBayes classifier topology.
[main] INFO com.yahoo.labs.samoa.streams.hl.HLSplitDataPreProcessor - newProcessor(), id=0,trainRatio=0.2,testRatio=0.8
[main] INFO com.yahoo.labs.samoa.streams.hl.HLSplitDataPreProcessor - onCreate:id=0,trainRatio=0.2,testRatio=0.8
[main] INFO com.yahoo.labs.samoa.learners.classifiers.hl.NBDistributor - NBDistributor created, id = 0
[main] INFO com.yahoo.labs.samoa.learners.classifiers.hl.NBAttributeStat -  <***>NBAttributeStat.newProcessor(), just begin
[main] INFO com.yahoo.labs.samoa.learners.classifiers.hl.NBAttributeStat -  ***NBAttributeStat.newProcessor(),hashcode=24749215
[main] INFO com.yahoo.labs.samoa.learners.classifiers.hl.NBAttributeStat -  ***NBAttributeStat created, id=0, iMin=0, iMax=41
[main] INFO com.yahoo.labs.samoa.learners.classifiers.hl.NBModelProcessor -  ^^^ NBModelProcessor newProcessor, id = 0
[main] INFO com.yahoo.labs.samoa.learners.classifiers.hl.NBModelProcessor -  ^^^ NBModelProcessor created, id = 0
[main] INFO com.yahoo.labs.samoa.learners.classifiers.hl.NBModelProcessor - K=23,A=42
[main] INFO com.yahoo.labs.samoa.evaluation.EvaluatorProcessor - 16 seconds for 100000 instances
[main] INFO com.yahoo.labs.samoa.evaluation.EvaluatorProcessor - evaluation instances = 100,000
classified instances = 100,000
classifications correct (percent) = 99.685
Kappa Statistic (percent) = 98.773
Kappa Temporal Statistic (percent) = -3,837.5
[main] INFO com.yahoo.labs.samoa.evaluation.EvaluatorProcessor - 16 seconds for 100000 instances
[main] INFO com.yahoo.labs.samoa.evaluation.EvaluatorProcessor - evaluation instances = 200,000
classified instances = 200,000
classifications correct (percent) = 98.981
Kappa Statistic (percent) = 93.326
Kappa Temporal Statistic (percent) = -5,263.158
[main] INFO com.yahoo.labs.samoa.evaluation.EvaluatorProcessor - 17 seconds for 100000 instances
[main] INFO com.yahoo.labs.samoa.evaluation.EvaluatorProcessor - evaluation instances = 300,000
classified instances = 300,000
classifications correct (percent) = 98.868
Kappa Statistic (percent) = 90.155
Kappa Temporal Statistic (percent) = -7,448.889
[main] INFO com.yahoo.labs.samoa.streams.hl.HLSplitDataPreProcessor - send last event
[main] INFO com.yahoo.labs.samoa.learners.classifiers.hl.NBModelProcessor - Processing last event.
[main] INFO com.yahoo.labs.samoa.learners.classifiers.hl.NBModelProcessor - === output Final Matrix====
[main] INFO com.yahoo.labs.samoa.learners.classifiers.hl.NBModelProcessor - K=23,A=42
[main] INFO com.yahoo.labs.samoa.learners.classifiers.hl.NBModelProcessor - nClass={0|0|0|0|0|0|0|0|0|0|0|0|0|0|0|0|0|0|0|0|0|0|0}
[main] INFO com.yahoo.labs.samoa.evaluation.EvaluatorProcessor - last event is received!
[main] INFO com.yahoo.labs.samoa.evaluation.EvaluatorProcessor - total count: 399999
[main] INFO com.yahoo.labs.samoa.evaluation.EvaluatorProcessor - com.yahoo.labs.samoa.evaluation.EvaluatorProcessorid = 0
evaluation instances,classified instances,classifications correct (percent),Kappa Statistic (percent),Kappa Temporal Statistic (percent)
100000.0,100000.0,99.685,98.77252215894826,-3837.5000000015093
200000.0,200000.0,98.981,93.32623677618457,-5263.157894736197
300000.0,300000.0,98.86766666666666,90.15547786118375,-7448.888888889732

[main] INFO com.yahoo.labs.samoa.evaluation.EvaluatorProcessor - total evaluation time: 74 seconds for 399999 instances
