19:00:37.903 [main] INFO  o.a.s.comm.topology.AssignmentFromZK - New session:91706545009721346; state is : SyncConnected
19:00:38.177 [main] INFO  o.a.s.comm.topology.AssignmentFromZK - Successfully acquired task:Task-0 by hlnode3
19:00:45.677 [S4 platform loader] INFO  org.apache.s4.core.S4Bootstrap - Initializing S4 app with : []]
19:00:46.642 [S4 platform loader] INFO  org.apache.s4.core.S4Bootstrap - Loading application [SamoaS4App] from file [/tmp/tmp5788805104755606090s4r]
19:00:46.644 [S4 platform loader] WARN  org.apache.s4.core.DefaultCoreModule - s4.tmp.dir not specified, using temporary directory [/tmp/1399330846643-0] for unpacking S4R. You may want to specify a parent non-temporary directory.
19:00:46.645 [S4 platform loader] INFO  o.a.s4.base.util.S4RLoaderFactory - Unzipping S4R archive in [/tmp/1399330846643-0/tmp5788805104755606090s4r-1399330846645]
19:00:46.745 [S4 platform loader] INFO  org.apache.s4.core.S4Bootstrap - App class name is: com.yahoo.labs.samoa.topology.impl.S4DoTask
19:00:46.912 [S4 platform loader] INFO  o.a.s4.comm.topology.ClusterFromZK - Changing cluster topology to { nbNodes=1,name=cluster,mode=unicast,type=,nodes=[{partition=0,port=12000,machineName=hlnode3,taskId=Task-0}]} from null
19:00:46.932 [S4 platform loader] INFO  o.a.s4.comm.topology.ClusterFromZK - Adding topology change listener:org.apache.s4.comm.tcp.TCPEmitter@1271f41
19:00:47.147 [S4 platform loader] INFO  o.a.s.c.s.ThrottlingSenderExecutorServiceFactory - Creating a throttling executor with a pool size of 1 and max rate of 200000 events / s
19:00:47.190 [S4 platform loader] INFO  org.apache.s4.core.util.S4Metrics - Metrics reporting not configured
19:00:47.197 [S4 platform loader] INFO  o.a.s4.comm.topology.ClusterFromZK - Adding topology change listener:org.apache.s4.core.SenderImpl@147a87e
19:00:47.484 [S4 platform loader] INFO  o.a.s4.comm.topology.ClustersFromZK - New session:91706545009721346
19:00:47.499 [S4 platform loader] INFO  o.a.s4.comm.topology.ClustersFromZK - New session:91706545009721346
19:00:47.534 [S4 platform loader] INFO  o.a.s4.comm.topology.ClusterFromZK - Changing cluster topology to { nbNodes=1,name=cluster,mode=unicast,type=,nodes=[{partition=0,port=12000,machineName=hlnode3,taskId=Task-0}]} from null
19:00:47.554 [S4 platform loader] INFO  org.apache.s4.core.S4Bootstrap - Loaded application from file /tmp/tmp5788805104755606090s4r
19:00:47.555 [S4 platform loader] INFO  c.y.l.samoa.topology.impl.S4DoTask - DoTaskApp onInit

SAMOA: Scalable Advanced Massive Online Analysis Platform 
Version: 0.0.1
Copyright: Copyright Yahoo! Inc 2013
Web: http://github.com/yahoo/samoa

19:00:48.177 [S4 platform loader] INFO  c.y.l.s.s.hl.HLSplitDataPreProcessor - init(): trainRatio=0.2,testRatio=0.8
ARFF file URL=http://hlnode3/lab3/data/k.arff
19:00:48.393 [S4 platform loader] INFO  c.y.l.s.l.classifiers.hl.NaiveBayes - ================================================
19:00:48.394 [S4 platform loader] INFO  c.y.l.s.l.classifiers.hl.NaiveBayes - Begin init NaiveBayes Classifier topology.
19:00:48.452 [S4 platform loader] INFO  c.y.l.s.l.classifiers.hl.NaiveBayes - Sucessfully initializing NaiveBayes classifier topology.
19:00:48.482 [S4 platform loader] INFO  org.apache.s4.core.App - Init prototype [com.yahoo.labs.samoa.topology.impl.S4EntranceProcessingItem].
19:00:48.493 [S4 platform loader] INFO  org.apache.s4.core.App - Init prototype [com.yahoo.labs.samoa.topology.impl.S4ProcessingItem].
19:00:48.493 [S4 platform loader] INFO  org.apache.s4.core.App - Init prototype [com.yahoo.labs.samoa.topology.impl.S4ProcessingItem].
19:00:48.494 [S4 platform loader] INFO  org.apache.s4.core.App - Init prototype [com.yahoo.labs.samoa.topology.impl.S4ProcessingItem].
19:00:48.494 [S4 platform loader] INFO  org.apache.s4.core.App - Init prototype [com.yahoo.labs.samoa.topology.impl.S4ProcessingItem].
19:00:48.494 [S4 platform loader] INFO  org.apache.s4.core.App - Init prototype [com.yahoo.labs.samoa.topology.impl.S4ProcessingItem].
19:00:48.495 [S4 platform loader] INFO  c.y.l.samoa.topology.impl.S4DoTask - Starting DoTaskApp... App Partition [0]
19:00:48.618 [STREAM-0_PROCESSING-ITEM-0] INFO  c.y.l.s.s.hl.HLSplitDataPreProcessor - newProcessor(), id=0,trainRatio=0.2,testRatio=0.8
19:00:48.637 [STREAM-0_PROCESSING-ITEM-0] INFO  c.y.l.s.s.hl.HLSplitDataPreProcessor - onCreate:id=0,trainRatio=0.2,testRatio=0.8
19:00:48.681 [STREAM-1_PROCESSING-ITEM-1] INFO  c.y.l.s.l.c.hl.NBDistributor - NBDistributor created, id = 0
19:00:48.941 [STREAM-2_PROCESSING-ITEM-2] INFO  c.y.l.s.l.c.hl.NBAttributeStat -  <***>NBAttributeStat.newProcessor(), just begin
19:00:48.949 [STREAM-2_PROCESSING-ITEM-2] INFO  c.y.l.s.l.c.hl.NBAttributeStat -  ***NBAttributeStat.newProcessor(),hashcode=29881315
19:00:48.999 [STREAM-2_PROCESSING-ITEM-2] INFO  c.y.l.s.l.c.hl.NBAttributeStat -  ***NBAttributeStat created, id=0, iMin=0, iMax=41
19:00:49.369 [STREAM-3_PROCESSING-ITEM-3] INFO  c.y.l.s.l.c.hl.NBModelProcessor -  ^^^ NBModelProcessor newProcessor, id = 0
19:00:49.369 [STREAM-3_PROCESSING-ITEM-3] INFO  c.y.l.s.l.c.hl.NBModelProcessor -  ^^^ NBModelProcessor created, id = 0
19:00:49.369 [STREAM-3_PROCESSING-ITEM-3] INFO  c.y.l.s.l.c.hl.NBModelProcessor - K=23,A=42
19:01:53.202 [STREAM-5_PROCESSING-ITEM-4] INFO  c.y.l.s.e.EvaluatorProcessor - 50 seconds for 100000 instances
19:01:53.222 [STREAM-5_PROCESSING-ITEM-4] INFO  c.y.l.s.e.EvaluatorProcessor - evaluation instances = 100,000
classified instances = 100,000
classifications correct (percent) = 99.685
Kappa Statistic (percent) = 98.772
Kappa Temporal Statistic (percent) = -3,837.5
19:02:12.077 [STREAM-0_PROCESSING-ITEM-0] INFO  c.y.l.s.s.hl.HLSplitDataPreProcessor - send last event
19:02:22.666 [STREAM-5_PROCESSING-ITEM-4] INFO  c.y.l.s.e.EvaluatorProcessor - 29 seconds for 100000 instances
19:02:22.667 [STREAM-5_PROCESSING-ITEM-4] INFO  c.y.l.s.e.EvaluatorProcessor - evaluation instances = 200,000
classified instances = 200,000
classifications correct (percent) = 98.981
Kappa Statistic (percent) = 93.326
Kappa Temporal Statistic (percent) = -5,263.158
19:02:38.678 [STREAM-5_PROCESSING-ITEM-4] INFO  c.y.l.s.e.EvaluatorProcessor - 16 seconds for 100000 instances
19:02:38.679 [STREAM-5_PROCESSING-ITEM-4] INFO  c.y.l.s.e.EvaluatorProcessor - evaluation instances = 300,000
classified instances = 300,000
classifications correct (percent) = 98.868
Kappa Statistic (percent) = 90.155
Kappa Temporal Statistic (percent) = -7,448.889
19:02:55.426 [STREAM-4_PROCESSING-ITEM-3] INFO  c.y.l.s.l.c.hl.NBModelProcessor - Processing last event.
19:02:55.427 [STREAM-4_PROCESSING-ITEM-3] INFO  c.y.l.s.l.c.hl.NBModelProcessor - === output Final Matrix====
19:02:55.427 [STREAM-4_PROCESSING-ITEM-3] INFO  c.y.l.s.l.c.hl.NBModelProcessor - K=23,A=42
19:02:55.429 [STREAM-4_PROCESSING-ITEM-3] INFO  c.y.l.s.l.c.hl.NBModelProcessor - nClass={0|0|0|0|0|0|0|0|0|0|0|0|0|0|0|0|0|0|0|0|0|0|0}
19:02:55.559 [STREAM-5_PROCESSING-ITEM-4] INFO  c.y.l.s.e.EvaluatorProcessor - last event is received!
19:02:55.564 [STREAM-5_PROCESSING-ITEM-4] INFO  c.y.l.s.e.EvaluatorProcessor - total count: 399999
19:02:55.565 [STREAM-5_PROCESSING-ITEM-4] INFO  c.y.l.s.e.EvaluatorProcessor - com.yahoo.labs.samoa.evaluation.EvaluatorProcessorid = 0
evaluation instances,classified instances,classifications correct (percent),Kappa Statistic (percent),Kappa Temporal Statistic (percent)
100000.0,100000.0,99.685,98.7724551147073,-3837.5000000015093
200000.0,200000.0,98.981,93.32586818590549,-5263.157894736197
300000.0,300000.0,98.86766666666666,90.15497006364672,-7448.888888889732

19:02:55.567 [STREAM-5_PROCESSING-ITEM-4] INFO  c.y.l.s.e.EvaluatorProcessor - total evaluation time: 113 seconds for 399999 instances
