hl@hlnode3:/opt/samoa$ . ~/lab/lab3/scripts2/local/lab3nb5localm.sh
/opt/samoa/bin/samoa
Deploying to LOCAL
Command line string =  com.yahoo.labs.samoa.tasks.hl.HLTrainTestEvaluation -d /home/hl/lab/lab3/result/resultLocalNB5m -r (com.yahoo.labs.samoa.streams.hl.HLSplitDataPreProcessor -a 0.2 -b 0.8 -o 1 -i 10000) -l (com.yahoo.labs.samoa.learners.classifiers.hl.NaiveBayes) -s (ArffFileStream -f /home/hl/lab/lab3/data/m10000.arff) -f 1000 -i 10000
[main] INFO com.yahoo.labs.samoa.LocalDoTask - Sucessfully instantiating com.yahoo.labs.samoa.tasks.hl.HLTrainTestEvaluation
[main] INFO com.yahoo.labs.samoa.streams.hl.HLSplitDataPreProcessor - init(): trainRatio=0.2,testRatio=0.8
[main] INFO com.yahoo.labs.samoa.learners.classifiers.hl.NaiveBayes - ================================================
[main] INFO com.yahoo.labs.samoa.learners.classifiers.hl.NaiveBayes - Begin init NaiveBayes Classifier topology.
[main] INFO com.yahoo.labs.samoa.learners.classifiers.hl.NaiveBayes - Sucessfully initializing NaiveBayes classifier topology.
[main] INFO com.yahoo.labs.samoa.streams.hl.HLSplitDataPreProcessor - newProcessor(), id=0,trainRatio=0.2,testRatio=0.8
[main] INFO com.yahoo.labs.samoa.streams.hl.HLSplitDataPreProcessor - onCreate:id=0,trainRatio=0.2,testRatio=0.8
[main] INFO com.yahoo.labs.samoa.learners.classifiers.hl.NBModelProcessor - NBModelProcessor created, id = 0
[main] INFO com.yahoo.labs.samoa.learners.classifiers.hl.NBModelProcessor - K=2,A=1172
[main] INFO com.yahoo.labs.samoa.evaluation.EvaluatorProcessor - 1 seconds for 1000 instances
[main] INFO com.yahoo.labs.samoa.evaluation.EvaluatorProcessor - evaluation instances = 1,000
classified instances = 1,000
classifications correct (percent) = 82.2
Kappa Statistic (percent) = 64.538
Kappa Temporal Statistic (percent) = 65.302
[main] INFO com.yahoo.labs.samoa.evaluation.EvaluatorProcessor - 1 seconds for 1000 instances
[main] INFO com.yahoo.labs.samoa.evaluation.EvaluatorProcessor - evaluation instances = 2,000
classified instances = 2,000
classifications correct (percent) = 81.25
Kappa Statistic (percent) = 62.5
Kappa Temporal Statistic (percent) = 62.274
[main] INFO com.yahoo.labs.samoa.evaluation.EvaluatorProcessor - 1 seconds for 1000 instances
[main] INFO com.yahoo.labs.samoa.evaluation.EvaluatorProcessor - evaluation instances = 3,000
classified instances = 3,000
classifications correct (percent) = 81.567
Kappa Statistic (percent) = 63.185
Kappa Temporal Statistic (percent) = 63.305
[main] INFO com.yahoo.labs.samoa.evaluation.EvaluatorProcessor - 1 seconds for 1000 instances
[main] INFO com.yahoo.labs.samoa.evaluation.EvaluatorProcessor - evaluation instances = 4,000
classified instances = 4,000
classifications correct (percent) = 81.25
Kappa Statistic (percent) = 62.5
Kappa Temporal Statistic (percent) = 62.274
[main] INFO com.yahoo.labs.samoa.evaluation.EvaluatorProcessor - 1 seconds for 1000 instances
[main] INFO com.yahoo.labs.samoa.evaluation.EvaluatorProcessor - evaluation instances = 5,000
classified instances = 5,000
classifications correct (percent) = 81.44
Kappa Statistic (percent) = 62.912
Kappa Temporal Statistic (percent) = 62.895
[main] INFO com.yahoo.labs.samoa.evaluation.EvaluatorProcessor - 1 seconds for 1000 instances
[main] INFO com.yahoo.labs.samoa.evaluation.EvaluatorProcessor - evaluation instances = 6,000
classified instances = 6,000
classifications correct (percent) = 81.25
Kappa Statistic (percent) = 62.5
Kappa Temporal Statistic (percent) = 62.274
[main] INFO com.yahoo.labs.samoa.evaluation.EvaluatorProcessor - 1 seconds for 1000 instances
[main] INFO com.yahoo.labs.samoa.evaluation.EvaluatorProcessor - evaluation instances = 7,000
classified instances = 7,000
classifications correct (percent) = 81.386
Kappa Statistic (percent) = 62.794
Kappa Temporal Statistic (percent) = 62.718
[main] INFO com.yahoo.labs.samoa.streams.hl.HLSplitDataPreProcessor - send last event
[main] INFO com.yahoo.labs.samoa.learners.classifiers.hl.NBModelProcessor - Processing last event.
[main] INFO com.yahoo.labs.samoa.learners.classifiers.hl.NBModelProcessor - === output Final Matrix====
[main] INFO com.yahoo.labs.samoa.learners.classifiers.hl.NBModelProcessor - K=2,A=1172
[main] INFO com.yahoo.labs.samoa.learners.classifiers.hl.NBModelProcessor - nClass={1,000|1,000}
[main] INFO com.yahoo.labs.samoa.evaluation.EvaluatorProcessor - last event is received!
[main] INFO com.yahoo.labs.samoa.evaluation.EvaluatorProcessor - total count: 7999
[main] INFO com.yahoo.labs.samoa.evaluation.EvaluatorProcessor - com.yahoo.labs.samoa.evaluation.EvaluatorProcessorid = 0
evaluation instances,classified instances,classifications correct (percent),Kappa Statistic (percent),Kappa Temporal Statistic (percent)
1000.0,1000.0,82.19999999999999,64.53830062755253,65.30214424951266
2000.0,2000.0,81.25,62.5,62.273641851106646
3000.0,3000.0,81.56666666666666,63.18536468457913,63.30457863304579
4000.0,4000.0,81.25,62.5,62.273641851106646
5000.0,5000.0,81.44,62.91195505952072,62.89484206317473
6000.0,6000.0,81.25,62.5,62.273641851106646
7000.0,7000.0,81.38571428571429,62.79448080740179,62.71816881258941

[main] INFO com.yahoo.labs.samoa.evaluation.EvaluatorProcessor - total evaluation time: 13 seconds for 7999 instances
