hl@hlnode3:/opt/s4/apache-s4-0.6.0-incubating-src$ . ~/scripts/startNode.sh
19:04:16.179 [main] INFO  o.a.s.comm.topology.AssignmentFromZK - New session:91706559659180034; state is : SyncConnected
19:04:16.564 [main] INFO  o.a.s.comm.topology.AssignmentFromZK - Successfully acquired task:Task-0 by hlnode3
19:04:26.257 [S4 platform loader] INFO  org.apache.s4.core.S4Bootstrap - Initializing S4 app with : []]
19:04:27.362 [S4 platform loader] INFO  org.apache.s4.core.S4Bootstrap - Loading application [SamoaS4App] from file [/tmp/tmp4322917756516981147s4r]
19:04:27.363 [S4 platform loader] WARN  org.apache.s4.core.DefaultCoreModule - s4.tmp.dir not specified, using temporary directory [/tmp/1399331067363-0] for unpacking S4R. You may want to specify a parent non-temporary directory.
19:04:27.365 [S4 platform loader] INFO  o.a.s4.base.util.S4RLoaderFactory - Unzipping S4R archive in [/tmp/1399331067363-0/tmp4322917756516981147s4r-1399331067364]
19:04:27.467 [S4 platform loader] INFO  org.apache.s4.core.S4Bootstrap - App class name is: com.yahoo.labs.samoa.topology.impl.S4DoTask
19:04:27.769 [S4 platform loader] INFO  o.a.s4.comm.topology.ClusterFromZK - Changing cluster topology to { nbNodes=1,name=cluster,mode=unicast,type=,nodes=[{partition=0,port=12000,machineName=hlnode3,taskId=Task-0}]} from null
19:04:27.811 [S4 platform loader] INFO  o.a.s4.comm.topology.ClusterFromZK - Adding topology change listener:org.apache.s4.comm.tcp.TCPEmitter@1271f41
19:04:28.203 [S4 platform loader] INFO  o.a.s.c.s.ThrottlingSenderExecutorServiceFactory - Creating a throttling executor with a pool size of 1 and max rate of 200000 events / s
19:04:28.262 [S4 platform loader] INFO  org.apache.s4.core.util.S4Metrics - Metrics reporting not configured
19:04:28.271 [S4 platform loader] INFO  o.a.s4.comm.topology.ClusterFromZK - Adding topology change listener:org.apache.s4.core.SenderImpl@147a87e
19:04:28.561 [S4 platform loader] INFO  o.a.s4.comm.topology.ClustersFromZK - New session:91706559659180034
19:04:28.568 [S4 platform loader] INFO  o.a.s4.comm.topology.ClustersFromZK - New session:91706559659180034
19:04:28.606 [S4 platform loader] INFO  o.a.s4.comm.topology.ClusterFromZK - Changing cluster topology to { nbNodes=1,name=cluster,mode=unicast,type=,nodes=[{partition=0,port=12000,machineName=hlnode3,taskId=Task-0}]} from null
19:04:28.614 [S4 platform loader] INFO  org.apache.s4.core.S4Bootstrap - Loaded application from file /tmp/tmp4322917756516981147s4r
19:04:28.625 [S4 platform loader] INFO  c.y.l.samoa.topology.impl.S4DoTask - DoTaskApp onInit

SAMOA: Scalable Advanced Massive Online Analysis Platform 
Version: 0.0.1
Copyright: Copyright Yahoo! Inc 2013
Web: http://github.com/yahoo/samoa

19:04:29.246 [S4 platform loader] INFO  c.y.l.s.s.hl.HLSplitDataPreProcessor - init(): trainRatio=0.2,testRatio=0.8
ARFF file URL=http://hlnode3/lab3/data/m10000.arff
19:04:29.655 [S4 platform loader] INFO  org.apache.s4.core.App - Init prototype [com.yahoo.labs.samoa.topology.impl.S4EntranceProcessingItem].
19:04:29.662 [S4 platform loader] INFO  org.apache.s4.core.App - Init prototype [com.yahoo.labs.samoa.topology.impl.S4ProcessingItem].
19:04:29.662 [S4 platform loader] INFO  org.apache.s4.core.App - Init prototype [com.yahoo.labs.samoa.topology.impl.S4ProcessingItem].
19:04:29.663 [S4 platform loader] INFO  org.apache.s4.core.App - Init prototype [com.yahoo.labs.samoa.topology.impl.S4ProcessingItem].
19:04:29.663 [S4 platform loader] INFO  org.apache.s4.core.App - Init prototype [com.yahoo.labs.samoa.topology.impl.S4ProcessingItem].
19:04:29.663 [S4 platform loader] INFO  org.apache.s4.core.App - Init prototype [com.yahoo.labs.samoa.topology.impl.S4ProcessingItem].
19:04:29.664 [S4 platform loader] INFO  c.y.l.samoa.topology.impl.S4DoTask - Starting DoTaskApp... App Partition [0]
19:04:29.802 [STREAM-0_PROCESSING-ITEM-0] INFO  c.y.l.s.s.hl.HLSplitDataPreProcessor - newProcessor(), id=0,trainRatio=0.2,testRatio=0.8
19:04:29.802 [STREAM-0_PROCESSING-ITEM-0] INFO  c.y.l.s.s.hl.HLSplitDataPreProcessor - onCreate:id=0,trainRatio=0.2,testRatio=0.8
19:04:42.192 [STREAM-3_PROCESSING-ITEM-4] INFO  c.y.l.s.e.EvaluatorProcessor - 0 seconds for 1000 instances
19:04:42.226 [STREAM-3_PROCESSING-ITEM-4] INFO  c.y.l.s.e.EvaluatorProcessor - evaluation instances = 1,000
classified instances = 1,000
classifications correct (percent) = 49
Kappa Statistic (percent) = 0.594
Kappa Temporal Statistic (percent) = 0.196
19:04:43.608 [STREAM-3_PROCESSING-ITEM-4] INFO  c.y.l.s.e.EvaluatorProcessor - 1 seconds for 1000 instances
19:04:43.610 [STREAM-3_PROCESSING-ITEM-4] INFO  c.y.l.s.e.EvaluatorProcessor - evaluation instances = 2,000
classified instances = 2,000
classifications correct (percent) = 50.15
Kappa Statistic (percent) = 0.3
Kappa Temporal Statistic (percent) = -0.403
19:04:44.710 [STREAM-3_PROCESSING-ITEM-4] INFO  c.y.l.s.e.EvaluatorProcessor - 1 seconds for 1000 instances
19:04:44.711 [STREAM-3_PROCESSING-ITEM-4] INFO  c.y.l.s.e.EvaluatorProcessor - evaluation instances = 3,000
classified instances = 3,000
classifications correct (percent) = 49.767
Kappa Statistic (percent) = 0.401
Kappa Temporal Statistic (percent) = -0.133
19:04:45.751 [STREAM-3_PROCESSING-ITEM-4] INFO  c.y.l.s.e.EvaluatorProcessor - 1 seconds for 1000 instances
19:04:45.752 [STREAM-3_PROCESSING-ITEM-4] INFO  c.y.l.s.e.EvaluatorProcessor - evaluation instances = 4,000
classified instances = 4,000
classifications correct (percent) = 50.15
Kappa Statistic (percent) = 0.3
Kappa Temporal Statistic (percent) = -0.352
19:04:46.789 [STREAM-3_PROCESSING-ITEM-4] INFO  c.y.l.s.e.EvaluatorProcessor - 1 seconds for 1000 instances
19:04:46.790 [STREAM-3_PROCESSING-ITEM-4] INFO  c.y.l.s.e.EvaluatorProcessor - evaluation instances = 5,000
classified instances = 5,000
classifications correct (percent) = 49.92
Kappa Statistic (percent) = 0.361
Kappa Temporal Statistic (percent) = -0.2
19:04:47.907 [STREAM-3_PROCESSING-ITEM-4] INFO  c.y.l.s.e.EvaluatorProcessor - 1 seconds for 1000 instances
19:04:47.908 [STREAM-3_PROCESSING-ITEM-4] INFO  c.y.l.s.e.EvaluatorProcessor - evaluation instances = 6,000
classified instances = 6,000
classifications correct (percent) = 50.15
Kappa Statistic (percent) = 0.3
Kappa Temporal Statistic (percent) = -0.335
19:04:48.951 [STREAM-3_PROCESSING-ITEM-4] INFO  c.y.l.s.e.EvaluatorProcessor - 1 seconds for 1000 instances
19:04:48.952 [STREAM-3_PROCESSING-ITEM-4] INFO  c.y.l.s.e.EvaluatorProcessor - evaluation instances = 7,000
classified instances = 7,000
classifications correct (percent) = 49.986
Kappa Statistic (percent) = 0.343
Kappa Temporal Statistic (percent) = -0.229
19:04:49.283 [STREAM-0_PROCESSING-ITEM-0] INFO  c.y.l.s.s.hl.HLSplitDataPreProcessor - send last event
