-------- node 3 ----------
19:44:32.875 [main] INFO  o.a.s.comm.topology.AssignmentFromZK - New session:91706713212715012; state is : SyncConnected
19:44:33.181 [main] INFO  o.a.s.comm.topology.AssignmentFromZK - Successfully acquired task:Task-0 by hlnode3
19:44:47.286 [S4 platform loader] INFO  org.apache.s4.core.S4Bootstrap - Initializing S4 app with : []]
19:44:48.466 [S4 platform loader] INFO  org.apache.s4.core.S4Bootstrap - Loading application [SamoaS4App] from file [/tmp/tmp7170812269342561454s4r]
19:44:48.467 [S4 platform loader] WARN  org.apache.s4.core.DefaultCoreModule - s4.tmp.dir not specified, using temporary directory [/tmp/1399333488467-0] for unpacking S4R. You may want to specify a parent non-temporary directory.
19:44:48.468 [S4 platform loader] INFO  o.a.s4.base.util.S4RLoaderFactory - Unzipping S4R archive in [/tmp/1399333488467-0/tmp7170812269342561454s4r-1399333488468]
19:44:48.577 [S4 platform loader] INFO  org.apache.s4.core.S4Bootstrap - App class name is: com.yahoo.labs.samoa.topology.impl.S4DoTask
19:44:48.854 [S4 platform loader] INFO  o.a.s4.comm.topology.ClusterFromZK - Changing cluster topology to { nbNodes=3,name=cluster,mode=unicast,type=,nodes=[{partition=2,port=12002,machineName=hlnode1,taskId=Task-2}, {partition=0,port=12000,machineName=hlnode3,taskId=Task-0}, {partition=1,port=12001,machineName=hlnode2,taskId=Task-1}]} from null
19:44:48.881 [S4 platform loader] INFO  o.a.s4.comm.topology.ClusterFromZK - Adding topology change listener:org.apache.s4.comm.tcp.TCPEmitter@18dbc96
19:44:49.289 [S4 platform loader] INFO  o.a.s.c.s.ThrottlingSenderExecutorServiceFactory - Creating a throttling executor with a pool size of 1 and max rate of 200000 events / s
19:44:49.351 [S4 platform loader] INFO  org.apache.s4.core.util.S4Metrics - Metrics reporting not configured
19:44:49.360 [S4 platform loader] INFO  o.a.s4.comm.topology.ClusterFromZK - Adding topology change listener:org.apache.s4.core.SenderImpl@17200ad
19:44:49.655 [S4 platform loader] INFO  o.a.s4.comm.topology.ClustersFromZK - New session:91706713212715012
19:44:49.669 [S4 platform loader] INFO  o.a.s4.comm.topology.ClustersFromZK - New session:91706713212715012
19:44:49.708 [S4 platform loader] INFO  o.a.s4.comm.topology.ClusterFromZK - Changing cluster topology to { nbNodes=3,name=cluster,mode=unicast,type=,nodes=[{partition=2,port=12002,machineName=hlnode1,taskId=Task-2}, {partition=0,port=12000,machineName=hlnode3,taskId=Task-0}, {partition=1,port=12001,machineName=hlnode2,taskId=Task-1}]} from null
19:44:49.713 [S4 platform loader] INFO  org.apache.s4.core.S4Bootstrap - Loaded application from file /tmp/tmp7170812269342561454s4r
19:44:49.714 [S4 platform loader] INFO  c.y.l.samoa.topology.impl.S4DoTask - DoTaskApp onInit

SAMOA: Scalable Advanced Massive Online Analysis Platform 
Version: 0.0.1
Copyright: Copyright Yahoo! Inc 2013
Web: http://github.com/yahoo/samoa

19:44:50.354 [S4 platform loader] INFO  c.y.l.s.s.hl.HLSplitDataPreProcessor - init(): trainRatio=0.2,testRatio=0.8
ARFF file URL=http://hlnode3/lab3/data/m10000.arff
19:44:50.617 [S4 platform loader] INFO  c.y.l.s.l.classifiers.hl.NaiveBayes - ================================================
19:44:50.618 [S4 platform loader] INFO  c.y.l.s.l.classifiers.hl.NaiveBayes - Begin init NaiveBayes Classifier topology.
19:44:50.668 [S4 platform loader] INFO  c.y.l.s.l.classifiers.hl.NaiveBayes - Sucessfully initializing NaiveBayes classifier topology.
19:44:50.698 [S4 platform loader] INFO  org.apache.s4.core.App - Init prototype [com.yahoo.labs.samoa.topology.impl.S4EntranceProcessingItem].
19:44:50.706 [S4 platform loader] INFO  org.apache.s4.core.App - Init prototype [com.yahoo.labs.samoa.topology.impl.S4ProcessingItem].
19:44:50.709 [S4 platform loader] INFO  org.apache.s4.core.App - Init prototype [com.yahoo.labs.samoa.topology.impl.S4ProcessingItem].
19:44:50.710 [S4 platform loader] INFO  org.apache.s4.core.App - Init prototype [com.yahoo.labs.samoa.topology.impl.S4ProcessingItem].
19:44:50.710 [S4 platform loader] INFO  org.apache.s4.core.App - Init prototype [com.yahoo.labs.samoa.topology.impl.S4ProcessingItem].
19:44:50.711 [S4 platform loader] INFO  org.apache.s4.core.App - Init prototype [com.yahoo.labs.samoa.topology.impl.S4ProcessingItem].
19:44:50.711 [S4 platform loader] INFO  c.y.l.samoa.topology.impl.S4DoTask - Starting DoTaskApp... App Partition [0]
19:44:50.812 [STREAM-0_PROCESSING-ITEM-0] INFO  c.y.l.s.s.hl.HLSplitDataPreProcessor - newProcessor(), id=0,trainRatio=0.2,testRatio=0.8
19:44:50.825 [STREAM-0_PROCESSING-ITEM-0] INFO  c.y.l.s.s.hl.HLSplitDataPreProcessor - onCreate:id=0,trainRatio=0.2,testRatio=0.8
19:44:50.893 [STREAM-1_PROCESSING-ITEM-1] INFO  c.y.l.s.l.c.hl.NBDistributor - NBDistributor created, id = 0
19:44:51.665 [STREAM-2_PROCESSING-ITEM-2] INFO  c.y.l.s.l.c.hl.NBAttributeStat -  <***>NBAttributeStat.newProcessor(), just begin
19:44:51.681 [STREAM-2_PROCESSING-ITEM-2] INFO  c.y.l.s.l.c.hl.NBAttributeStat -  ***NBAttributeStat.newProcessor(),hashcode=10195381
19:44:51.718 [STREAM-2_PROCESSING-ITEM-2] INFO  c.y.l.s.l.c.hl.NBAttributeStat -  ***NBAttributeStat created, id=0, iMin=0, iMax=1171
19:44:52.355 [STREAM-3_PROCESSING-ITEM-3] INFO  c.y.l.s.l.c.hl.NBModelProcessor -  ^^^ NBModelProcessor newProcessor, id = 0
19:44:52.362 [STREAM-3_PROCESSING-ITEM-3] INFO  c.y.l.s.l.c.hl.NBModelProcessor -  ^^^ NBModelProcessor created, id = 0
19:44:52.394 [STREAM-3_PROCESSING-ITEM-3] INFO  c.y.l.s.l.c.hl.NBModelProcessor - K=2,A=1172
19:45:09.602 [STREAM-5_PROCESSING-ITEM-4] INFO  c.y.l.s.e.EvaluatorProcessor - 8 seconds for 1000 instances
19:45:09.638 [STREAM-5_PROCESSING-ITEM-4] INFO  c.y.l.s.e.EvaluatorProcessor - evaluation instances = 1,000
classified instances = 1,000
classifications correct (percent) = 80.3
Kappa Statistic (percent) = 60.475
Kappa Temporal Statistic (percent) = 59.959
19:45:20.988 [STREAM-5_PROCESSING-ITEM-4] INFO  c.y.l.s.e.EvaluatorProcessor - 11 seconds for 1000 instances
19:45:20.990 [STREAM-5_PROCESSING-ITEM-4] INFO  c.y.l.s.e.EvaluatorProcessor - evaluation instances = 2,000
classified instances = 2,000
classifications correct (percent) = 80.6
Kappa Statistic (percent) = 61.162
Kappa Temporal Statistic (percent) = 60.689

-------- node 2 -------
SAMOA: Scalable Advanced Massive Online Analysis Platform 
Version: 0.0.1
Copyright: Copyright Yahoo! Inc 2013
Web: http://github.com/yahoo/samoa

19:44:53.800 [S4 platform loader] INFO  c.y.l.s.s.hl.HLSplitDataPreProcessor - init(): trainRatio=0.2,testRatio=0.8
ARFF file URL=http://hlnode3/lab3/data/m10000.arff
19:44:54.447 [S4 platform loader] INFO  c.y.l.s.l.classifiers.hl.NaiveBayes - ================================================
19:44:54.469 [S4 platform loader] INFO  c.y.l.s.l.classifiers.hl.NaiveBayes - Begin init NaiveBayes Classifier topology.
19:44:54.623 [S4 platform loader] INFO  c.y.l.s.l.classifiers.hl.NaiveBayes - Sucessfully initializing NaiveBayes classifier topology.
19:44:54.720 [S4 platform loader] INFO  org.apache.s4.core.App - Init prototype [com.yahoo.labs.samoa.topology.impl.S4EntranceProcessingItem].
19:44:54.768 [S4 platform loader] INFO  org.apache.s4.core.App - Init prototype [com.yahoo.labs.samoa.topology.impl.S4ProcessingItem].
19:44:54.773 [S4 platform loader] INFO  org.apache.s4.core.App - Init prototype [com.yahoo.labs.samoa.topology.impl.S4ProcessingItem].
19:44:54.774 [S4 platform loader] INFO  org.apache.s4.core.App - Init prototype [com.yahoo.labs.samoa.topology.impl.S4ProcessingItem].
19:44:54.775 [S4 platform loader] INFO  org.apache.s4.core.App - Init prototype [com.yahoo.labs.samoa.topology.impl.S4ProcessingItem].
19:44:54.778 [S4 platform loader] INFO  org.apache.s4.core.App - Init prototype [com.yahoo.labs.samoa.topology.impl.S4ProcessingItem].
19:44:54.784 [S4 platform loader] INFO  c.y.l.samoa.topology.impl.S4DoTask - Starting DoTaskApp... App Partition [1]
19:44:58.500 [STREAM-3_PROCESSING-ITEM-3] INFO  c.y.l.s.l.c.hl.NBModelProcessor -  ^^^ NBModelProcessor newProcessor, id = 0
19:44:58.554 [STREAM-3_PROCESSING-ITEM-3] INFO  c.y.l.s.l.c.hl.NBModelProcessor -  ^^^ NBModelProcessor created, id = 1
19:44:58.607 [STREAM-3_PROCESSING-ITEM-3] INFO  c.y.l.s.l.c.hl.NBModelProcessor - K=2,A=1172


/-------------- node 1 -----------
SAMOA: Scalable Advanced Massive Online Analysis Platform 
Version: 0.0.1
Copyright: Copyright Yahoo! Inc 2013
Web: http://github.com/yahoo/samoa

19:44:50.278 [S4 platform loader] INFO  c.y.l.s.s.hl.HLSplitDataPreProcessor - init(): trainRatio=0.2,testRatio=0.8
ARFF file URL=http://hlnode3/lab3/data/m10000.arff
19:44:50.523 [S4 platform loader] INFO  c.y.l.s.l.classifiers.hl.NaiveBayes - ================================================
19:44:50.530 [S4 platform loader] INFO  c.y.l.s.l.classifiers.hl.NaiveBayes - Begin init NaiveBayes Classifier topology.
19:44:50.581 [S4 platform loader] INFO  c.y.l.s.l.classifiers.hl.NaiveBayes - Sucessfully initializing NaiveBayes classifier topology.
19:44:50.605 [S4 platform loader] INFO  org.apache.s4.core.App - Init prototype [com.yahoo.labs.samoa.topology.impl.S4EntranceProcessingItem].
19:44:50.609 [S4 platform loader] INFO  org.apache.s4.core.App - Init prototype [com.yahoo.labs.samoa.topology.impl.S4ProcessingItem].
19:44:50.610 [S4 platform loader] INFO  org.apache.s4.core.App - Init prototype [com.yahoo.labs.samoa.topology.impl.S4ProcessingItem].
19:44:50.611 [S4 platform loader] INFO  org.apache.s4.core.App - Init prototype [com.yahoo.labs.samoa.topology.impl.S4ProcessingItem].
19:44:50.612 [S4 platform loader] INFO  org.apache.s4.core.App - Init prototype [com.yahoo.labs.samoa.topology.impl.S4ProcessingItem].
19:44:50.613 [S4 platform loader] INFO  org.apache.s4.core.App - Init prototype [com.yahoo.labs.samoa.topology.impl.S4ProcessingItem].
19:44:50.614 [S4 platform loader] INFO  c.y.l.samoa.topology.impl.S4DoTask - Starting DoTaskApp... App Partition [2]
19:44:54.980 [STREAM-3_PROCESSING-ITEM-3] INFO  c.y.l.s.l.c.hl.NBModelProcessor -  ^^^ NBModelProcessor newProcessor, id = 0
19:44:54.994 [STREAM-3_PROCESSING-ITEM-3] INFO  c.y.l.s.l.c.hl.NBModelProcessor -  ^^^ NBModelProcessor created, id = 2
19:44:55.016 [STREAM-3_PROCESSING-ITEM-3] INFO  c.y.l.s.l.c.hl.NBModelProcessor - K=2,A=1172

