-------- node 3 --------------
SAMOA: Scalable Advanced Massive Online Analysis Platform 
Version: 0.0.1
Copyright: Copyright Yahoo! Inc 2013
Web: http://github.com/yahoo/samoa

20:14:15.650 [S4 platform loader] INFO  c.y.l.s.s.hl.HLSplitDataPreProcessor - init(): trainRatio=0.2,testRatio=0.8
ARFF file URL=http://hlnode3/lab3/data/m10000.arff
20:14:17.061 [S4 platform loader] INFO  org.apache.s4.core.App - Init prototype [com.yahoo.labs.samoa.topology.impl.S4EntranceProcessingItem].
20:14:17.105 [S4 platform loader] INFO  org.apache.s4.core.App - Init prototype [com.yahoo.labs.samoa.topology.impl.S4ProcessingItem].
20:14:17.124 [S4 platform loader] INFO  org.apache.s4.core.App - Init prototype [com.yahoo.labs.samoa.topology.impl.S4ProcessingItem].
20:14:17.128 [S4 platform loader] INFO  org.apache.s4.core.App - Init prototype [com.yahoo.labs.samoa.topology.impl.S4ProcessingItem].
20:14:17.129 [S4 platform loader] INFO  org.apache.s4.core.App - Init prototype [com.yahoo.labs.samoa.topology.impl.S4ProcessingItem].
20:14:17.130 [S4 platform loader] INFO  org.apache.s4.core.App - Init prototype [com.yahoo.labs.samoa.topology.impl.S4ProcessingItem].
20:14:17.130 [S4 platform loader] INFO  c.y.l.samoa.topology.impl.S4DoTask - Starting DoTaskApp... App Partition [0]
20:14:17.499 [STREAM-0_PROCESSING-ITEM-0] INFO  c.y.l.s.s.hl.HLSplitDataPreProcessor - newProcessor(), id=0,trainRatio=0.2,testRatio=0.8
20:14:17.515 [STREAM-0_PROCESSING-ITEM-0] INFO  c.y.l.s.s.hl.HLSplitDataPreProcessor - onCreate:id=0,trainRatio=0.2,testRatio=0.8


-------- node 2 --------
SAMOA: Scalable Advanced Massive Online Analysis Platform 
Version: 0.0.1
Copyright: Copyright Yahoo! Inc 2013
Web: http://github.com/yahoo/samoa

20:14:13.989 [S4 platform loader] INFO  c.y.l.s.s.hl.HLSplitDataPreProcessor - init(): trainRatio=0.2,testRatio=0.8
ARFF file URL=http://hlnode3/lab3/data/m10000.arff
20:14:14.360 [S4 platform loader] INFO  org.apache.s4.core.App - Init prototype [com.yahoo.labs.samoa.topology.impl.S4EntranceProcessingItem].
20:14:14.364 [S4 platform loader] INFO  org.apache.s4.core.App - Init prototype [com.yahoo.labs.samoa.topology.impl.S4ProcessingItem].
20:14:14.365 [S4 platform loader] INFO  org.apache.s4.core.App - Init prototype [com.yahoo.labs.samoa.topology.impl.S4ProcessingItem].
20:14:14.366 [S4 platform loader] INFO  org.apache.s4.core.App - Init prototype [com.yahoo.labs.samoa.topology.impl.S4ProcessingItem].
20:14:14.367 [S4 platform loader] INFO  org.apache.s4.core.App - Init prototype [com.yahoo.labs.samoa.topology.impl.S4ProcessingItem].
20:14:14.368 [S4 platform loader] INFO  org.apache.s4.core.App - Init prototype [com.yahoo.labs.samoa.topology.impl.S4ProcessingItem].
20:14:14.370 [S4 platform loader] INFO  c.y.l.samoa.topology.impl.S4DoTask - Starting DoTaskApp... App Partition [1]
20:15:34.875 [ZkClient-EventThread-9-hlnode3] INFO  o.a.s4.comm.topology.ClusterFromZK - Changing cluster topology to { nbNodes=2,name=cluster,mode=unicast,type=,nodes=[{partition=2,port=12002,machineName=hlnode1,taskId=Task-2}, {partition=1,port=12001,machineName=hlnode2,taskId=Task-1}]} from { nbNodes=3,name=cluster,mode=unicast,type=,nodes=[{partition=2,port=12002,machineName=hlnode1,taskId=Task-2}, {partition=0,port=12000,machineName=hlnode3,taskId=Task-0}, {partition=1,port=12001,machineName=hlnode2,taskId=Task-1}]}
^Chl@hlnode2:/opt/s4/apache-s4-0.6.0-incubating-src$ 



--------- node 1 --------

SAMOA: Scalable Advanced Massive Online Analysis Platform 
Version: 0.0.1
Copyright: Copyright Yahoo! Inc 2013
Web: http://github.com/yahoo/samoa

20:14:14.242 [S4 platform loader] INFO  c.y.l.s.s.hl.HLSplitDataPreProcessor - init(): trainRatio=0.2,testRatio=0.8
ARFF file URL=http://hlnode3/lab3/data/m10000.arff
20:14:14.576 [S4 platform loader] INFO  org.apache.s4.core.App - Init prototype [com.yahoo.labs.samoa.topology.impl.S4EntranceProcessingItem].
20:14:14.580 [S4 platform loader] INFO  org.apache.s4.core.App - Init prototype [com.yahoo.labs.samoa.topology.impl.S4ProcessingItem].
20:14:14.581 [S4 platform loader] INFO  org.apache.s4.core.App - Init prototype [com.yahoo.labs.samoa.topology.impl.S4ProcessingItem].
20:14:14.582 [S4 platform loader] INFO  org.apache.s4.core.App - Init prototype [com.yahoo.labs.samoa.topology.impl.S4ProcessingItem].
20:14:14.583 [S4 platform loader] INFO  org.apache.s4.core.App - Init prototype [com.yahoo.labs.samoa.topology.impl.S4ProcessingItem].
20:14:14.584 [S4 platform loader] INFO  org.apache.s4.core.App - Init prototype [com.yahoo.labs.samoa.topology.impl.S4ProcessingItem].
20:14:14.585 [S4 platform loader] INFO  c.y.l.samoa.topology.impl.S4DoTask - Starting DoTaskApp... App Partition [2]
20:15:34.487 [ZkClient-EventThread-9-hlnode3] INFO  o.a.s4.comm.topology.ClusterFromZK - Changing cluster topology to { nbNodes=2,name=cluster,mode=unicast,type=,nodes=[{partition=2,port=12002,machineName=hlnode1,taskId=Task-2}, {partition=1,port=12001,machineName=hlnode2,taskId=Task-1}]} from { nbNodes=3,name=cluster,mode=unicast,type=,nodes=[{partition=2,port=12002,machineName=hlnode1,taskId=Task-2}, {partition=0,port=12000,machineName=hlnode3,taskId=Task-0}, {partition=1,port=12001,machineName=hlnode2,taskId=Task-1}]}

