---------------- node 3 ---------------
19:25:49.869 [main] INFO  o.a.s.comm.topology.AssignmentFromZK - New session:91706644462567426; state is : SyncConnected
19:25:50.145 [main] INFO  o.a.s.comm.topology.AssignmentFromZK - Successfully acquired task:Task-0 by hlnode3
19:26:02.614 [S4 platform loader] INFO  org.apache.s4.core.S4Bootstrap - Initializing S4 app with : []]
19:26:03.727 [S4 platform loader] INFO  org.apache.s4.core.S4Bootstrap - Loading application [SamoaS4App] from file [/tmp/tmp32714712470479651s4r]
19:26:03.729 [S4 platform loader] WARN  org.apache.s4.core.DefaultCoreModule - s4.tmp.dir not specified, using temporary directory [/tmp/1399332363728-0] for unpacking S4R. You may want to specify a parent non-temporary directory.
19:26:03.730 [S4 platform loader] INFO  o.a.s4.base.util.S4RLoaderFactory - Unzipping S4R archive in [/tmp/1399332363728-0/tmp32714712470479651s4r-1399332363730]
19:26:03.826 [S4 platform loader] INFO  org.apache.s4.core.S4Bootstrap - App class name is: com.yahoo.labs.samoa.topology.impl.S4DoTask
19:26:04.060 [S4 platform loader] INFO  o.a.s4.comm.topology.ClusterFromZK - Changing cluster topology to { nbNodes=2,name=cluster,mode=unicast,type=,nodes=[{partition=0,port=12000,machineName=hlnode3,taskId=Task-0}, {partition=1,port=12001,machineName=hlnode2,taskId=Task-1}]} from null
19:26:04.083 [S4 platform loader] INFO  o.a.s4.comm.topology.ClusterFromZK - Adding topology change listener:org.apache.s4.comm.tcp.TCPEmitter@17504cb
19:26:04.338 [S4 platform loader] INFO  o.a.s.c.s.ThrottlingSenderExecutorServiceFactory - Creating a throttling executor with a pool size of 1 and max rate of 200000 events / s
19:26:04.377 [S4 platform loader] INFO  org.apache.s4.core.util.S4Metrics - Metrics reporting not configured
19:26:04.388 [S4 platform loader] INFO  o.a.s4.comm.topology.ClusterFromZK - Adding topology change listener:org.apache.s4.core.SenderImpl@186edfb
19:26:04.685 [S4 platform loader] INFO  o.a.s4.comm.topology.ClustersFromZK - New session:91706644462567426
19:26:04.698 [S4 platform loader] INFO  o.a.s4.comm.topology.ClustersFromZK - New session:91706644462567426
19:26:04.732 [S4 platform loader] INFO  o.a.s4.comm.topology.ClusterFromZK - Changing cluster topology to { nbNodes=2,name=cluster,mode=unicast,type=,nodes=[{partition=0,port=12000,machineName=hlnode3,taskId=Task-0}, {partition=1,port=12001,machineName=hlnode2,taskId=Task-1}]} from null
19:26:04.748 [S4 platform loader] INFO  org.apache.s4.core.S4Bootstrap - Loaded application from file /tmp/tmp32714712470479651s4r
19:26:04.750 [S4 platform loader] INFO  c.y.l.samoa.topology.impl.S4DoTask - DoTaskApp onInit

SAMOA: Scalable Advanced Massive Online Analysis Platform 
Version: 0.0.1
Copyright: Copyright Yahoo! Inc 2013
Web: http://github.com/yahoo/samoa

19:26:05.412 [S4 platform loader] INFO  c.y.l.s.s.hl.HLSplitDataPreProcessor - init(): trainRatio=0.2,testRatio=0.8
ARFF file URL=http://hlnode3/lab3/data/m10000.arff
19:26:05.799 [S4 platform loader] INFO  org.apache.s4.core.App - Init prototype [com.yahoo.labs.samoa.topology.impl.S4EntranceProcessingItem].
19:26:05.806 [S4 platform loader] INFO  org.apache.s4.core.App - Init prototype [com.yahoo.labs.samoa.topology.impl.S4ProcessingItem].
19:26:05.807 [S4 platform loader] INFO  org.apache.s4.core.App - Init prototype [com.yahoo.labs.samoa.topology.impl.S4ProcessingItem].
19:26:05.808 [S4 platform loader] INFO  org.apache.s4.core.App - Init prototype [com.yahoo.labs.samoa.topology.impl.S4ProcessingItem].
19:26:05.808 [S4 platform loader] INFO  org.apache.s4.core.App - Init prototype [com.yahoo.labs.samoa.topology.impl.S4ProcessingItem].
19:26:05.809 [S4 platform loader] INFO  org.apache.s4.core.App - Init prototype [com.yahoo.labs.samoa.topology.impl.S4ProcessingItem].
19:26:05.813 [S4 platform loader] INFO  c.y.l.samoa.topology.impl.S4DoTask - Starting DoTaskApp... App Partition [0]
19:26:05.914 [STREAM-0_PROCESSING-ITEM-0] INFO  c.y.l.s.s.hl.HLSplitDataPreProcessor - newProcessor(), id=0,trainRatio=0.2,testRatio=0.8
19:26:05.933 [STREAM-0_PROCESSING-ITEM-0] INFO  c.y.l.s.s.hl.HLSplitDataPreProcessor - onCreate:id=0,trainRatio=0.2,testRatio=0.8
19:26:24.855 [STREAM-3_PROCESSING-ITEM-4] INFO  c.y.l.s.e.EvaluatorProcessor - 0 seconds for 1000 instances
19:26:24.919 [STREAM-3_PROCESSING-ITEM-4] INFO  c.y.l.s.e.EvaluatorProcessor - evaluation instances = 1,000
classified instances = 1,000
classifications correct (percent) = 51.3
Kappa Statistic (percent) = 1.069
Kappa Temporal Statistic (percent) = 4.134
19:26:25.481 [STREAM-3_PROCESSING-ITEM-4] INFO  c.y.l.s.e.EvaluatorProcessor - 0 seconds for 1000 instances
19:26:25.483 [STREAM-3_PROCESSING-ITEM-4] INFO  c.y.l.s.e.EvaluatorProcessor - evaluation instances = 2,000
classified instances = 2,000
classifications correct (percent) = 51.5
Kappa Statistic (percent) = 1.286
Kappa Temporal Statistic (percent) = 4.902
19:26:28.092 [STREAM-3_PROCESSING-ITEM-4] INFO  c.y.l.s.e.EvaluatorProcessor - 2 seconds for 1000 instances
19:26:28.093 [STREAM-3_PROCESSING-ITEM-4] INFO  c.y.l.s.e.EvaluatorProcessor - evaluation instances = 3,000
classified instances = 3,000
classifications correct (percent) = 50.733
Kappa Statistic (percent) = 0.603
Kappa Temporal Statistic (percent) = 2.054
19:26:29.965 [STREAM-3_PROCESSING-ITEM-4] INFO  c.y.l.s.e.EvaluatorProcessor - 1 seconds for 1000 instances
19:26:29.966 [STREAM-3_PROCESSING-ITEM-4] INFO  c.y.l.s.e.EvaluatorProcessor - evaluation instances = 4,000
classified instances = 4,000
classifications correct (percent) = 50.05
Kappa Statistic (percent) = 0.532
Kappa Temporal Statistic (percent) = 0.942
19:26:31.873 [STREAM-3_PROCESSING-ITEM-4] INFO  c.y.l.s.e.EvaluatorProcessor - 1 seconds for 1000 instances
19:26:31.875 [STREAM-3_PROCESSING-ITEM-4] INFO  c.y.l.s.e.EvaluatorProcessor - evaluation instances = 5,000
classified instances = 5,000
classifications correct (percent) = 50.12
Kappa Statistic (percent) = 0.275
Kappa Temporal Statistic (percent) = 0.558
19:26:33.755 [STREAM-3_PROCESSING-ITEM-4] INFO  c.y.l.s.e.EvaluatorProcessor - 1 seconds for 1000 instances
19:26:33.756 [STREAM-3_PROCESSING-ITEM-4] INFO  c.y.l.s.e.EvaluatorProcessor - evaluation instances = 6,000
classified instances = 6,000
classifications correct (percent) = 49.817
Kappa Statistic (percent) = 0.296
Kappa Temporal Statistic (percent) = 0.166
19:26:35.682 [STREAM-3_PROCESSING-ITEM-4] INFO  c.y.l.s.e.EvaluatorProcessor - 1 seconds for 1000 instances
19:26:35.683 [STREAM-3_PROCESSING-ITEM-4] INFO  c.y.l.s.e.EvaluatorProcessor - evaluation instances = 7,000
classified instances = 7,000
classifications correct (percent) = 50.057
Kappa Statistic (percent) = 0.287
Kappa Temporal Statistic (percent) = -0.115


---------- node 2 ------------
none
