hlnode3:/opt/samoa$ . ~/lab/lab3/scripts2/local/lab3nb6localm.sh
/opt/samoa/bin/samoa
Deploying to LOCAL
Command line string =  com.yahoo.labs.samoa.tasks.hl.HLTrainTestEvaluation -d /home/hl/lab/lab3/result/resultLocalNB6m -r (com.yahoo.labs.samoa.streams.hl.HLSplitDataPreProcessor -a 0.2 -b 0.8 -o 1 -i 10000) -l (com.yahoo.labs.samoa.learners.classifiers.hl.NaiveBayes -a 1 -m 1) -p 1 -s (com.yahoo.labs.samoa.moa.streams.ArffFileStream -f '/home/hl/data/m10000.arff') -f 1000 -i 10000
[main] INFO com.yahoo.labs.samoa.LocalDoTask - Sucessfully instantiating com.yahoo.labs.samoa.tasks.hl.HLTrainTestEvaluation
[main] INFO com.yahoo.labs.samoa.streams.hl.HLSplitDataPreProcessor - init(): trainRatio=0.2,testRatio=0.8
[main] INFO com.yahoo.labs.samoa.learners.classifiers.hl.NaiveBayes - ================================================
[main] INFO com.yahoo.labs.samoa.learners.classifiers.hl.NaiveBayes - Begin init NaiveBayes Classifier topology.
[main] INFO com.yahoo.labs.samoa.learners.classifiers.hl.NaiveBayes - Sucessfully initializing NaiveBayes classifier topology.
[main] INFO com.yahoo.labs.samoa.streams.hl.HLSplitDataPreProcessor - newProcessor(), id=0,trainRatio=0.2,testRatio=0.8
[main] INFO com.yahoo.labs.samoa.streams.hl.HLSplitDataPreProcessor - onCreate:id=0,trainRatio=0.2,testRatio=0.8
[main] INFO com.yahoo.labs.samoa.learners.classifiers.hl.NBDistributor - NBDistributor created, id = 0
[main] INFO com.yahoo.labs.samoa.learners.classifiers.hl.NBAttributeStat -  <***>NBAttributeStat.newProcessor(), just begin
[main] INFO com.yahoo.labs.samoa.learners.classifiers.hl.NBAttributeStat -  ***NBAttributeStat.newProcessor(),hashcode=13452612
[main] INFO com.yahoo.labs.samoa.learners.classifiers.hl.NBAttributeStat -  ***NBAttributeStat created, id=0, iMin=0, iMax=1171
[main] INFO com.yahoo.labs.samoa.learners.classifiers.hl.NBModelProcessor -  ^^^ NBModelProcessor newProcessor, id = 0
[main] INFO com.yahoo.labs.samoa.learners.classifiers.hl.NBModelProcessor -  ^^^ NBModelProcessor created, id = 0
[main] INFO com.yahoo.labs.samoa.learners.classifiers.hl.NBModelProcessor - K=2,A=1172
[main] INFO com.yahoo.labs.samoa.evaluation.EvaluatorProcessor - 1 seconds for 1000 instances
[main] INFO com.yahoo.labs.samoa.evaluation.EvaluatorProcessor - evaluation instances = 1,000
classified instances = 1,000
classifications correct (percent) = 82.1
Kappa Statistic (percent) = 64.341
Kappa Temporal Statistic (percent) = 65.107
[main] INFO com.yahoo.labs.samoa.evaluation.EvaluatorProcessor - 1 seconds for 1000 instances
[main] INFO com.yahoo.labs.samoa.evaluation.EvaluatorProcessor - evaluation instances = 2,000
classified instances = 2,000
classifications correct (percent) = 81.2
Kappa Statistic (percent) = 62.4
Kappa Temporal Statistic (percent) = 62.173
[main] INFO com.yahoo.labs.samoa.evaluation.EvaluatorProcessor - 1 seconds for 1000 instances
[main] INFO com.yahoo.labs.samoa.evaluation.EvaluatorProcessor - evaluation instances = 3,000
classified instances = 3,000
classifications correct (percent) = 81.5
Kappa Statistic (percent) = 63.053
Kappa Temporal Statistic (percent) = 63.172
[main] INFO com.yahoo.labs.samoa.evaluation.EvaluatorProcessor - 1 seconds for 1000 instances
[main] INFO com.yahoo.labs.samoa.evaluation.EvaluatorProcessor - evaluation instances = 4,000
classified instances = 4,000
classifications correct (percent) = 81.2
Kappa Statistic (percent) = 62.4
Kappa Temporal Statistic (percent) = 62.173
[main] INFO com.yahoo.labs.samoa.evaluation.EvaluatorProcessor - 1 seconds for 1000 instances
[main] INFO com.yahoo.labs.samoa.evaluation.EvaluatorProcessor - evaluation instances = 5,000
classified instances = 5,000
classifications correct (percent) = 81.38
Kappa Statistic (percent) = 62.792
Kappa Temporal Statistic (percent) = 62.775
[main] INFO com.yahoo.labs.samoa.evaluation.EvaluatorProcessor - 1 seconds for 1000 instances
[main] INFO com.yahoo.labs.samoa.evaluation.EvaluatorProcessor - evaluation instances = 6,000
classified instances = 6,000
classifications correct (percent) = 81.2
Kappa Statistic (percent) = 62.4
Kappa Temporal Statistic (percent) = 62.173
[main] INFO com.yahoo.labs.samoa.evaluation.EvaluatorProcessor - 1 seconds for 1000 instances
[main] INFO com.yahoo.labs.samoa.evaluation.EvaluatorProcessor - evaluation instances = 7,000
classified instances = 7,000
classifications correct (percent) = 81.329
Kappa Statistic (percent) = 62.68
Kappa Temporal Statistic (percent) = 62.604
[main] INFO com.yahoo.labs.samoa.streams.hl.HLSplitDataPreProcessor - send last event
[main] INFO com.yahoo.labs.samoa.learners.classifiers.hl.NBModelProcessor - Processing last event.
[main] INFO com.yahoo.labs.samoa.learners.classifiers.hl.NBModelProcessor - === output Final Matrix====
[main] INFO com.yahoo.labs.samoa.learners.classifiers.hl.NBModelProcessor - K=2,A=1172
[main] INFO com.yahoo.labs.samoa.learners.classifiers.hl.NBModelProcessor - nClass={0|0}
[main] INFO com.yahoo.labs.samoa.evaluation.EvaluatorProcessor - last event is received!
[main] INFO com.yahoo.labs.samoa.evaluation.EvaluatorProcessor - total count: 7999
[main] INFO com.yahoo.labs.samoa.evaluation.EvaluatorProcessor - com.yahoo.labs.samoa.evaluation.EvaluatorProcessorid = 0
evaluation instances,classified instances,classifications correct (percent),Kappa Statistic (percent),Kappa Temporal Statistic (percent)
1000.0,1000.0,82.1,64.34120881310011,65.10721247563353
2000.0,2000.0,81.2,62.40000000000001,62.17303822937627
3000.0,3000.0,81.5,63.05271146497662,63.17186463171864
4000.0,4000.0,81.2,62.40000000000001,62.17303822937627
5000.0,5000.0,81.38,62.7923260271476,62.7748900439824
6000.0,6000.0,81.2,62.40000000000001,62.17303822937627
7000.0,7000.0,81.32857142857142,62.68044853622023,62.603719599427755

[main] INFO com.yahoo.labs.samoa.evaluation.EvaluatorProcessor - total evaluation time: 13 seconds for 7999 instances
hl@hlnode3:/opt/samoa$ 

